2025-05-07 06:25:08 INFO  InfixToPostFixLogger - Start conversion of Infix-Notation to PostFix-Notation for: 3 + 4
2025-05-07 06:25:08 DEBUG InfixToPostFixLogger - token: '3' is not a operator
2025-05-07 06:25:08 DEBUG InfixToPostFixLogger - token: '3' is a digit, adding to stack
2025-05-07 06:25:08 DEBUG InfixToPostFixLogger - operands list after adding token '3': [3]
2025-05-07 06:25:08 DEBUG InfixToPostFixLogger - token: '+' is a operator
2025-05-07 06:25:08 INFO  InfixToPostFixLogger - Processing token: '+'
2025-05-07 06:25:08 DEBUG InfixToPostFixLogger - adding token: + to stack
2025-05-07 06:25:08 DEBUG InfixToPostFixLogger - stack after adding token to stack: '+ -> null'
2025-05-07 06:25:08 DEBUG InfixToPostFixLogger - token: '4' is not a operator
2025-05-07 06:25:08 DEBUG InfixToPostFixLogger - token: '4' is a digit, adding to stack
2025-05-07 06:25:08 DEBUG InfixToPostFixLogger - operands list after adding token '4': [3, 4]
2025-05-07 06:25:08 INFO  InfixToPostFixLogger - Processing remaining operators in the stack, moving them to the operands list.
2025-05-07 06:25:08 DEBUG InfixToPostFixLogger - Removing first element: '+' from stack
2025-05-07 06:25:08 DEBUG InfixToPostFixLogger - Adding removed element: '+' from stack to operands list
2025-05-07 06:25:08 DEBUG InfixToPostFixLogger - stack after removing first element: 'Stack is empty.'
2025-05-07 06:25:08 DEBUG InfixToPostFixLogger - operands list after adding first element from stack: [3, 4, +]
2025-05-07 06:25:08 INFO  InfixToPostFixLogger - Final result: 3 4 +
2025-05-07 06:25:08 DEBUG InfixToPostFixLogger - --------------------------------------------------
2025-05-07 06:25:08 INFO  InfixToPostFixLogger - Start conversion of Infix-Notation to PostFix-Notation for: 7 - 5
2025-05-07 06:25:08 DEBUG InfixToPostFixLogger - token: '7' is not a operator
2025-05-07 06:25:08 DEBUG InfixToPostFixLogger - token: '7' is a digit, adding to stack
2025-05-07 06:25:08 DEBUG InfixToPostFixLogger - operands list after adding token '7': [7]
2025-05-07 06:25:08 DEBUG InfixToPostFixLogger - token: '-' is a operator
2025-05-07 06:25:08 INFO  InfixToPostFixLogger - Processing token: '-'
2025-05-07 06:25:08 DEBUG InfixToPostFixLogger - adding token: - to stack
2025-05-07 06:25:08 DEBUG InfixToPostFixLogger - stack after adding token to stack: '- -> null'
2025-05-07 06:25:08 DEBUG InfixToPostFixLogger - token: '5' is not a operator
2025-05-07 06:25:08 DEBUG InfixToPostFixLogger - token: '5' is a digit, adding to stack
2025-05-07 06:25:08 DEBUG InfixToPostFixLogger - operands list after adding token '5': [7, 5]
2025-05-07 06:25:08 INFO  InfixToPostFixLogger - Processing remaining operators in the stack, moving them to the operands list.
2025-05-07 06:25:08 DEBUG InfixToPostFixLogger - Removing first element: '-' from stack
2025-05-07 06:25:08 DEBUG InfixToPostFixLogger - Adding removed element: '-' from stack to operands list
2025-05-07 06:25:08 DEBUG InfixToPostFixLogger - stack after removing first element: 'Stack is empty.'
2025-05-07 06:25:08 DEBUG InfixToPostFixLogger - operands list after adding first element from stack: [7, 5, -]
2025-05-07 06:25:08 INFO  InfixToPostFixLogger - Final result: 7 5 -
2025-05-07 06:25:08 DEBUG InfixToPostFixLogger - --------------------------------------------------
2025-05-07 06:25:08 INFO  InfixToPostFixLogger - Start conversion of Infix-Notation to PostFix-Notation for: 10 / 2
2025-05-07 06:25:08 DEBUG InfixToPostFixLogger - token: '10' is not a operator
2025-05-07 06:25:08 DEBUG InfixToPostFixLogger - token: '10' is a digit, adding to stack
2025-05-07 06:25:08 DEBUG InfixToPostFixLogger - operands list after adding token '10': [10]
2025-05-07 06:25:08 DEBUG InfixToPostFixLogger - token: '/' is a operator
2025-05-07 06:25:08 INFO  InfixToPostFixLogger - Processing token: '/'
2025-05-07 06:25:08 DEBUG InfixToPostFixLogger - adding token: / to stack
2025-05-07 06:25:08 DEBUG InfixToPostFixLogger - stack after adding token to stack: '/ -> null'
2025-05-07 06:25:08 DEBUG InfixToPostFixLogger - token: '2' is not a operator
2025-05-07 06:25:08 DEBUG InfixToPostFixLogger - token: '2' is a digit, adding to stack
2025-05-07 06:25:08 DEBUG InfixToPostFixLogger - operands list after adding token '2': [10, 2]
2025-05-07 06:25:08 INFO  InfixToPostFixLogger - Processing remaining operators in the stack, moving them to the operands list.
2025-05-07 06:25:08 DEBUG InfixToPostFixLogger - Removing first element: '/' from stack
2025-05-07 06:25:08 DEBUG InfixToPostFixLogger - Adding removed element: '/' from stack to operands list
2025-05-07 06:25:08 DEBUG InfixToPostFixLogger - stack after removing first element: 'Stack is empty.'
2025-05-07 06:25:08 DEBUG InfixToPostFixLogger - operands list after adding first element from stack: [10, 2, /]
2025-05-07 06:25:08 INFO  InfixToPostFixLogger - Final result: 10 2 /
2025-05-07 06:25:08 DEBUG InfixToPostFixLogger - --------------------------------------------------
2025-05-07 06:25:08 INFO  InfixToPostFixLogger - Start conversion of Infix-Notation to PostFix-Notation for: 5 + 6 * 2
2025-05-07 06:25:08 DEBUG InfixToPostFixLogger - token: '5' is not a operator
2025-05-07 06:25:08 DEBUG InfixToPostFixLogger - token: '5' is a digit, adding to stack
2025-05-07 06:25:08 DEBUG InfixToPostFixLogger - operands list after adding token '5': [5]
2025-05-07 06:25:08 DEBUG InfixToPostFixLogger - token: '+' is a operator
2025-05-07 06:25:08 INFO  InfixToPostFixLogger - Processing token: '+'
2025-05-07 06:25:08 DEBUG InfixToPostFixLogger - adding token: + to stack
2025-05-07 06:25:08 DEBUG InfixToPostFixLogger - stack after adding token to stack: '+ -> null'
2025-05-07 06:25:08 DEBUG InfixToPostFixLogger - token: '6' is not a operator
2025-05-07 06:25:08 DEBUG InfixToPostFixLogger - token: '6' is a digit, adding to stack
2025-05-07 06:25:08 DEBUG InfixToPostFixLogger - operands list after adding token '6': [5, 6]
2025-05-07 06:25:08 DEBUG InfixToPostFixLogger - token: '*' is a operator
2025-05-07 06:25:08 INFO  InfixToPostFixLogger - Processing token: '*'
2025-05-07 06:25:08 DEBUG InfixToPostFixLogger - adding token: * to stack
2025-05-07 06:25:08 DEBUG InfixToPostFixLogger - stack after adding token to stack: '* -> + -> null'
2025-05-07 06:25:08 DEBUG InfixToPostFixLogger - token: '2' is not a operator
2025-05-07 06:25:08 DEBUG InfixToPostFixLogger - token: '2' is a digit, adding to stack
2025-05-07 06:25:08 DEBUG InfixToPostFixLogger - operands list after adding token '2': [5, 6, 2]
2025-05-07 06:25:08 INFO  InfixToPostFixLogger - Processing remaining operators in the stack, moving them to the operands list.
2025-05-07 06:25:08 DEBUG InfixToPostFixLogger - Removing first element: '*' from stack
2025-05-07 06:25:08 DEBUG InfixToPostFixLogger - Adding removed element: '*' from stack to operands list
2025-05-07 06:25:08 DEBUG InfixToPostFixLogger - stack after removing first element: '+ -> null'
2025-05-07 06:25:08 DEBUG InfixToPostFixLogger - operands list after adding first element from stack: [5, 6, 2, *]
2025-05-07 06:25:08 INFO  InfixToPostFixLogger - Processing remaining operators in the stack, moving them to the operands list.
2025-05-07 06:25:08 DEBUG InfixToPostFixLogger - Removing first element: '+' from stack
2025-05-07 06:25:08 DEBUG InfixToPostFixLogger - Adding removed element: '+' from stack to operands list
2025-05-07 06:25:08 DEBUG InfixToPostFixLogger - stack after removing first element: 'Stack is empty.'
2025-05-07 06:25:08 DEBUG InfixToPostFixLogger - operands list after adding first element from stack: [5, 6, 2, *, +]
2025-05-07 06:25:08 INFO  InfixToPostFixLogger - Final result: 5 6 2 * +
2025-05-07 06:25:08 DEBUG InfixToPostFixLogger - --------------------------------------------------
2025-05-07 06:25:08 INFO  InfixToPostFixLogger - Start conversion of Infix-Notation to PostFix-Notation for: 8 / 4 - 3
2025-05-07 06:25:08 DEBUG InfixToPostFixLogger - token: '8' is not a operator
2025-05-07 06:25:08 DEBUG InfixToPostFixLogger - token: '8' is a digit, adding to stack
2025-05-07 06:25:08 DEBUG InfixToPostFixLogger - operands list after adding token '8': [8]
2025-05-07 06:25:08 DEBUG InfixToPostFixLogger - token: '/' is a operator
2025-05-07 06:25:08 INFO  InfixToPostFixLogger - Processing token: '/'
2025-05-07 06:25:08 DEBUG InfixToPostFixLogger - adding token: / to stack
2025-05-07 06:25:08 DEBUG InfixToPostFixLogger - stack after adding token to stack: '/ -> null'
2025-05-07 06:25:08 DEBUG InfixToPostFixLogger - token: '4' is not a operator
2025-05-07 06:25:08 DEBUG InfixToPostFixLogger - token: '4' is a digit, adding to stack
2025-05-07 06:25:08 DEBUG InfixToPostFixLogger - operands list after adding token '4': [8, 4]
2025-05-07 06:25:08 DEBUG InfixToPostFixLogger - token: '-' is a operator
2025-05-07 06:25:08 INFO  InfixToPostFixLogger - Processing token: '-'
2025-05-07 06:25:08 DEBUG InfixToPostFixLogger - Operator '-' has lower or equal precedence, removing all operators from the stack and adding them to the operand list.
2025-05-07 06:25:08 DEBUG InfixToPostFixLogger - Removing first element: '/' from stack
2025-05-07 06:25:08 DEBUG InfixToPostFixLogger - Adding removed element: '/' from stack to operands list
2025-05-07 06:25:08 DEBUG InfixToPostFixLogger - stack after removing first element: 'Stack is empty.'
2025-05-07 06:25:08 DEBUG InfixToPostFixLogger - operands list after adding first element from stack: [8, 4, /]
2025-05-07 06:25:08 DEBUG InfixToPostFixLogger - adding token: - to stack
2025-05-07 06:25:08 DEBUG InfixToPostFixLogger - stack after adding token to stack: '- -> null'
2025-05-07 06:25:08 DEBUG InfixToPostFixLogger - token: '3' is not a operator
2025-05-07 06:25:08 DEBUG InfixToPostFixLogger - token: '3' is a digit, adding to stack
2025-05-07 06:25:08 DEBUG InfixToPostFixLogger - operands list after adding token '3': [8, 4, /, 3]
2025-05-07 06:25:08 INFO  InfixToPostFixLogger - Processing remaining operators in the stack, moving them to the operands list.
2025-05-07 06:25:08 DEBUG InfixToPostFixLogger - Removing first element: '-' from stack
2025-05-07 06:25:08 DEBUG InfixToPostFixLogger - Adding removed element: '-' from stack to operands list
2025-05-07 06:25:08 DEBUG InfixToPostFixLogger - stack after removing first element: 'Stack is empty.'
2025-05-07 06:25:08 DEBUG InfixToPostFixLogger - operands list after adding first element from stack: [8, 4, /, 3, -]
2025-05-07 06:25:08 INFO  InfixToPostFixLogger - Final result: 8 4 / 3 -
2025-05-07 06:25:08 DEBUG InfixToPostFixLogger - --------------------------------------------------
2025-05-07 06:25:08 INFO  InfixToPostFixLogger - Start conversion of Infix-Notation to PostFix-Notation for: 2 + 3 * 4 - 6
2025-05-07 06:25:08 DEBUG InfixToPostFixLogger - token: '2' is not a operator
2025-05-07 06:25:08 DEBUG InfixToPostFixLogger - token: '2' is a digit, adding to stack
2025-05-07 06:25:08 DEBUG InfixToPostFixLogger - operands list after adding token '2': [2]
2025-05-07 06:25:08 DEBUG InfixToPostFixLogger - token: '+' is a operator
2025-05-07 06:25:08 INFO  InfixToPostFixLogger - Processing token: '+'
2025-05-07 06:25:08 DEBUG InfixToPostFixLogger - adding token: + to stack
2025-05-07 06:25:08 DEBUG InfixToPostFixLogger - stack after adding token to stack: '+ -> null'
2025-05-07 06:25:08 DEBUG InfixToPostFixLogger - token: '3' is not a operator
2025-05-07 06:25:08 DEBUG InfixToPostFixLogger - token: '3' is a digit, adding to stack
2025-05-07 06:25:08 DEBUG InfixToPostFixLogger - operands list after adding token '3': [2, 3]
2025-05-07 06:25:08 DEBUG InfixToPostFixLogger - token: '*' is a operator
2025-05-07 06:25:08 INFO  InfixToPostFixLogger - Processing token: '*'
2025-05-07 06:25:08 DEBUG InfixToPostFixLogger - adding token: * to stack
2025-05-07 06:25:08 DEBUG InfixToPostFixLogger - stack after adding token to stack: '* -> + -> null'
2025-05-07 06:25:08 DEBUG InfixToPostFixLogger - token: '4' is not a operator
2025-05-07 06:25:08 DEBUG InfixToPostFixLogger - token: '4' is a digit, adding to stack
2025-05-07 06:25:08 DEBUG InfixToPostFixLogger - operands list after adding token '4': [2, 3, 4]
2025-05-07 06:25:08 DEBUG InfixToPostFixLogger - token: '-' is a operator
2025-05-07 06:25:08 INFO  InfixToPostFixLogger - Processing token: '-'
2025-05-07 06:25:08 DEBUG InfixToPostFixLogger - Operator '-' has lower or equal precedence, removing all operators from the stack and adding them to the operand list.
2025-05-07 06:25:08 DEBUG InfixToPostFixLogger - Removing first element: '*' from stack
2025-05-07 06:25:08 DEBUG InfixToPostFixLogger - Adding removed element: '*' from stack to operands list
2025-05-07 06:25:08 DEBUG InfixToPostFixLogger - stack after removing first element: '+ -> null'
2025-05-07 06:25:08 DEBUG InfixToPostFixLogger - operands list after adding first element from stack: [2, 3, 4, *]
2025-05-07 06:25:08 DEBUG InfixToPostFixLogger - Operator '-' has lower or equal precedence, removing all operators from the stack and adding them to the operand list.
2025-05-07 06:25:08 DEBUG InfixToPostFixLogger - Removing first element: '+' from stack
2025-05-07 06:25:08 DEBUG InfixToPostFixLogger - Adding removed element: '+' from stack to operands list
2025-05-07 06:25:08 DEBUG InfixToPostFixLogger - stack after removing first element: 'Stack is empty.'
2025-05-07 06:25:08 DEBUG InfixToPostFixLogger - operands list after adding first element from stack: [2, 3, 4, *, +]
2025-05-07 06:25:08 DEBUG InfixToPostFixLogger - adding token: - to stack
2025-05-07 06:25:08 DEBUG InfixToPostFixLogger - stack after adding token to stack: '- -> null'
2025-05-07 06:25:08 DEBUG InfixToPostFixLogger - token: '6' is not a operator
2025-05-07 06:25:08 DEBUG InfixToPostFixLogger - token: '6' is a digit, adding to stack
2025-05-07 06:25:08 DEBUG InfixToPostFixLogger - operands list after adding token '6': [2, 3, 4, *, +, 6]
2025-05-07 06:25:08 INFO  InfixToPostFixLogger - Processing remaining operators in the stack, moving them to the operands list.
2025-05-07 06:25:08 DEBUG InfixToPostFixLogger - Removing first element: '-' from stack
2025-05-07 06:25:08 DEBUG InfixToPostFixLogger - Adding removed element: '-' from stack to operands list
2025-05-07 06:25:08 DEBUG InfixToPostFixLogger - stack after removing first element: 'Stack is empty.'
2025-05-07 06:25:08 DEBUG InfixToPostFixLogger - operands list after adding first element from stack: [2, 3, 4, *, +, 6, -]
2025-05-07 06:25:08 INFO  InfixToPostFixLogger - Final result: 2 3 4 * + 6 -
2025-05-07 06:25:08 DEBUG InfixToPostFixLogger - --------------------------------------------------
2025-05-07 06:25:08 INFO  InfixToPostFixLogger - Start conversion of Infix-Notation to PostFix-Notation for: ( 2 + 3 ) * ( 4 - 5 )
2025-05-07 06:25:08 DEBUG InfixToPostFixLogger - token: '(' is a operator
2025-05-07 06:25:08 INFO  InfixToPostFixLogger - Processing token: '('
2025-05-07 06:25:08 DEBUG InfixToPostFixLogger - adding token: ( to stack
2025-05-07 06:25:08 DEBUG InfixToPostFixLogger - stack after adding token to stack: '( -> null'
2025-05-07 06:25:08 DEBUG InfixToPostFixLogger - token: '2' is not a operator
2025-05-07 06:25:08 DEBUG InfixToPostFixLogger - token: '2' is a digit, adding to stack
2025-05-07 06:25:08 DEBUG InfixToPostFixLogger - operands list after adding token '2': [2]
2025-05-07 06:25:08 DEBUG InfixToPostFixLogger - token: '+' is a operator
2025-05-07 06:25:08 INFO  InfixToPostFixLogger - Processing token: '+'
2025-05-07 06:25:08 DEBUG InfixToPostFixLogger - adding token: + to stack
2025-05-07 06:25:08 DEBUG InfixToPostFixLogger - stack after adding token to stack: '+ -> ( -> null'
2025-05-07 06:25:08 DEBUG InfixToPostFixLogger - token: '3' is not a operator
2025-05-07 06:25:08 DEBUG InfixToPostFixLogger - token: '3' is a digit, adding to stack
2025-05-07 06:25:08 DEBUG InfixToPostFixLogger - operands list after adding token '3': [2, 3]
2025-05-07 06:25:08 DEBUG InfixToPostFixLogger - token: ')' is a operator
2025-05-07 06:25:08 INFO  InfixToPostFixLogger - Processing token: ')'
2025-05-07 06:25:08 DEBUG InfixToPostFixLogger - adding token: ) to stack
2025-05-07 06:25:08 DEBUG InfixToPostFixLogger - stack after adding token to stack: ') -> + -> ( -> null'
2025-05-07 06:25:08 DEBUG InfixToPostFixLogger - Found closing parenthesis. Moving operators inside parentheses to the operand list.
2025-05-07 06:25:08 DEBUG InfixToPostFixLogger - Removing first '(' from stack
2025-05-07 06:25:08 DEBUG InfixToPostFixLogger - stack after removing first '(': '+ -> ( -> null'
2025-05-07 06:25:08 DEBUG InfixToPostFixLogger - Removing first element: '+' from stack
2025-05-07 06:25:08 DEBUG InfixToPostFixLogger - Adding removed element: '+' from stack to operands list
2025-05-07 06:25:08 DEBUG InfixToPostFixLogger - stack after removing first element: '( -> null'
2025-05-07 06:25:08 DEBUG InfixToPostFixLogger - operands list after adding first element from stack: [2, 3, +]
2025-05-07 06:25:08 DEBUG InfixToPostFixLogger - Removing the ')' in relation to the first '(' from stack
2025-05-07 06:25:08 DEBUG InfixToPostFixLogger - stack after removing first ')': 'Stack is empty.'
2025-05-07 06:25:08 INFO  InfixToPostFixLogger - Processed token: ) --> END
2025-05-07 06:25:08 DEBUG InfixToPostFixLogger - token: '*' is a operator
2025-05-07 06:25:08 INFO  InfixToPostFixLogger - Processing token: '*'
2025-05-07 06:25:08 DEBUG InfixToPostFixLogger - adding token: * to stack
2025-05-07 06:25:08 DEBUG InfixToPostFixLogger - stack after adding token to stack: '* -> null'
2025-05-07 06:25:08 DEBUG InfixToPostFixLogger - token: '(' is a operator
2025-05-07 06:25:08 INFO  InfixToPostFixLogger - Processing token: '('
2025-05-07 06:25:08 DEBUG InfixToPostFixLogger - adding token: ( to stack
2025-05-07 06:25:08 DEBUG InfixToPostFixLogger - stack after adding token to stack: '( -> * -> null'
2025-05-07 06:25:08 DEBUG InfixToPostFixLogger - token: '4' is not a operator
2025-05-07 06:25:08 DEBUG InfixToPostFixLogger - token: '4' is a digit, adding to stack
2025-05-07 06:25:08 DEBUG InfixToPostFixLogger - operands list after adding token '4': [2, 3, +, 4]
2025-05-07 06:25:08 DEBUG InfixToPostFixLogger - token: '-' is a operator
2025-05-07 06:25:08 INFO  InfixToPostFixLogger - Processing token: '-'
2025-05-07 06:25:08 DEBUG InfixToPostFixLogger - adding token: - to stack
2025-05-07 06:25:08 DEBUG InfixToPostFixLogger - stack after adding token to stack: '- -> ( -> * -> null'
2025-05-07 06:25:08 DEBUG InfixToPostFixLogger - token: '5' is not a operator
2025-05-07 06:25:08 DEBUG InfixToPostFixLogger - token: '5' is a digit, adding to stack
2025-05-07 06:25:08 DEBUG InfixToPostFixLogger - operands list after adding token '5': [2, 3, +, 4, 5]
2025-05-07 06:25:08 DEBUG InfixToPostFixLogger - token: ')' is a operator
2025-05-07 06:25:08 INFO  InfixToPostFixLogger - Processing token: ')'
2025-05-07 06:25:08 DEBUG InfixToPostFixLogger - adding token: ) to stack
2025-05-07 06:25:08 DEBUG InfixToPostFixLogger - stack after adding token to stack: ') -> - -> ( -> * -> null'
2025-05-07 06:25:08 DEBUG InfixToPostFixLogger - Found closing parenthesis. Moving operators inside parentheses to the operand list.
2025-05-07 06:25:08 DEBUG InfixToPostFixLogger - Removing first '(' from stack
2025-05-07 06:25:08 DEBUG InfixToPostFixLogger - stack after removing first '(': '- -> ( -> * -> null'
2025-05-07 06:25:08 DEBUG InfixToPostFixLogger - Removing first element: '-' from stack
2025-05-07 06:25:08 DEBUG InfixToPostFixLogger - Adding removed element: '-' from stack to operands list
2025-05-07 06:25:08 DEBUG InfixToPostFixLogger - stack after removing first element: '( -> * -> null'
2025-05-07 06:25:08 DEBUG InfixToPostFixLogger - operands list after adding first element from stack: [2, 3, +, 4, 5, -]
2025-05-07 06:25:08 DEBUG InfixToPostFixLogger - Removing the ')' in relation to the first '(' from stack
2025-05-07 06:25:08 DEBUG InfixToPostFixLogger - stack after removing first ')': '* -> null'
2025-05-07 06:25:08 INFO  InfixToPostFixLogger - Processed token: ) --> END
2025-05-07 06:25:08 INFO  InfixToPostFixLogger - Processing remaining operators in the stack, moving them to the operands list.
2025-05-07 06:25:08 DEBUG InfixToPostFixLogger - Removing first element: '*' from stack
2025-05-07 06:25:08 DEBUG InfixToPostFixLogger - Adding removed element: '*' from stack to operands list
2025-05-07 06:25:08 DEBUG InfixToPostFixLogger - stack after removing first element: 'Stack is empty.'
2025-05-07 06:25:08 DEBUG InfixToPostFixLogger - operands list after adding first element from stack: [2, 3, +, 4, 5, -, *]
2025-05-07 06:25:08 INFO  InfixToPostFixLogger - Final result: 2 3 + 4 5 - *
2025-05-07 06:25:08 DEBUG InfixToPostFixLogger - --------------------------------------------------
2025-05-07 06:25:08 INFO  InfixToPostFixLogger - Start conversion of Infix-Notation to PostFix-Notation for: ( 8 + 2 ) * ( 3 - 1 ) / ( 5 + 1 )
2025-05-07 06:25:08 DEBUG InfixToPostFixLogger - token: '(' is a operator
2025-05-07 06:25:09 INFO  InfixToPostFixLogger - Processing token: '('
2025-05-07 06:25:09 DEBUG InfixToPostFixLogger - adding token: ( to stack
2025-05-07 06:25:09 DEBUG InfixToPostFixLogger - stack after adding token to stack: '( -> null'
2025-05-07 06:25:09 DEBUG InfixToPostFixLogger - token: '8' is not a operator
2025-05-07 06:25:09 DEBUG InfixToPostFixLogger - token: '8' is a digit, adding to stack
2025-05-07 06:25:09 DEBUG InfixToPostFixLogger - operands list after adding token '8': [8]
2025-05-07 06:25:09 DEBUG InfixToPostFixLogger - token: '+' is a operator
2025-05-07 06:25:09 INFO  InfixToPostFixLogger - Processing token: '+'
2025-05-07 06:25:09 DEBUG InfixToPostFixLogger - adding token: + to stack
2025-05-07 06:25:09 DEBUG InfixToPostFixLogger - stack after adding token to stack: '+ -> ( -> null'
2025-05-07 06:25:09 DEBUG InfixToPostFixLogger - token: '2' is not a operator
2025-05-07 06:25:09 DEBUG InfixToPostFixLogger - token: '2' is a digit, adding to stack
2025-05-07 06:25:09 DEBUG InfixToPostFixLogger - operands list after adding token '2': [8, 2]
2025-05-07 06:25:09 DEBUG InfixToPostFixLogger - token: ')' is a operator
2025-05-07 06:25:09 INFO  InfixToPostFixLogger - Processing token: ')'
2025-05-07 06:25:09 DEBUG InfixToPostFixLogger - adding token: ) to stack
2025-05-07 06:25:09 DEBUG InfixToPostFixLogger - stack after adding token to stack: ') -> + -> ( -> null'
2025-05-07 06:25:09 DEBUG InfixToPostFixLogger - Found closing parenthesis. Moving operators inside parentheses to the operand list.
2025-05-07 06:25:09 DEBUG InfixToPostFixLogger - Removing first '(' from stack
2025-05-07 06:25:09 DEBUG InfixToPostFixLogger - stack after removing first '(': '+ -> ( -> null'
2025-05-07 06:25:09 DEBUG InfixToPostFixLogger - Removing first element: '+' from stack
2025-05-07 06:25:09 DEBUG InfixToPostFixLogger - Adding removed element: '+' from stack to operands list
2025-05-07 06:25:09 DEBUG InfixToPostFixLogger - stack after removing first element: '( -> null'
2025-05-07 06:25:09 DEBUG InfixToPostFixLogger - operands list after adding first element from stack: [8, 2, +]
2025-05-07 06:25:09 DEBUG InfixToPostFixLogger - Removing the ')' in relation to the first '(' from stack
2025-05-07 06:25:09 DEBUG InfixToPostFixLogger - stack after removing first ')': 'Stack is empty.'
2025-05-07 06:25:09 INFO  InfixToPostFixLogger - Processed token: ) --> END
2025-05-07 06:25:09 DEBUG InfixToPostFixLogger - token: '*' is a operator
2025-05-07 06:25:09 INFO  InfixToPostFixLogger - Processing token: '*'
2025-05-07 06:25:09 DEBUG InfixToPostFixLogger - adding token: * to stack
2025-05-07 06:25:09 DEBUG InfixToPostFixLogger - stack after adding token to stack: '* -> null'
2025-05-07 06:25:09 DEBUG InfixToPostFixLogger - token: '(' is a operator
2025-05-07 06:25:09 INFO  InfixToPostFixLogger - Processing token: '('
2025-05-07 06:25:09 DEBUG InfixToPostFixLogger - adding token: ( to stack
2025-05-07 06:25:09 DEBUG InfixToPostFixLogger - stack after adding token to stack: '( -> * -> null'
2025-05-07 06:25:09 DEBUG InfixToPostFixLogger - token: '3' is not a operator
2025-05-07 06:25:09 DEBUG InfixToPostFixLogger - token: '3' is a digit, adding to stack
2025-05-07 06:25:09 DEBUG InfixToPostFixLogger - operands list after adding token '3': [8, 2, +, 3]
2025-05-07 06:25:09 DEBUG InfixToPostFixLogger - token: '-' is a operator
2025-05-07 06:25:09 INFO  InfixToPostFixLogger - Processing token: '-'
2025-05-07 06:25:09 DEBUG InfixToPostFixLogger - adding token: - to stack
2025-05-07 06:25:09 DEBUG InfixToPostFixLogger - stack after adding token to stack: '- -> ( -> * -> null'
2025-05-07 06:25:09 DEBUG InfixToPostFixLogger - token: '1' is not a operator
2025-05-07 06:25:09 DEBUG InfixToPostFixLogger - token: '1' is a digit, adding to stack
2025-05-07 06:25:09 DEBUG InfixToPostFixLogger - operands list after adding token '1': [8, 2, +, 3, 1]
2025-05-07 06:25:09 DEBUG InfixToPostFixLogger - token: ')' is a operator
2025-05-07 06:25:09 INFO  InfixToPostFixLogger - Processing token: ')'
2025-05-07 06:25:09 DEBUG InfixToPostFixLogger - adding token: ) to stack
2025-05-07 06:25:09 DEBUG InfixToPostFixLogger - stack after adding token to stack: ') -> - -> ( -> * -> null'
2025-05-07 06:25:09 DEBUG InfixToPostFixLogger - Found closing parenthesis. Moving operators inside parentheses to the operand list.
2025-05-07 06:25:09 DEBUG InfixToPostFixLogger - Removing first '(' from stack
2025-05-07 06:25:09 DEBUG InfixToPostFixLogger - stack after removing first '(': '- -> ( -> * -> null'
2025-05-07 06:25:09 DEBUG InfixToPostFixLogger - Removing first element: '-' from stack
2025-05-07 06:25:09 DEBUG InfixToPostFixLogger - Adding removed element: '-' from stack to operands list
2025-05-07 06:25:09 DEBUG InfixToPostFixLogger - stack after removing first element: '( -> * -> null'
2025-05-07 06:25:09 DEBUG InfixToPostFixLogger - operands list after adding first element from stack: [8, 2, +, 3, 1, -]
2025-05-07 06:25:09 DEBUG InfixToPostFixLogger - Removing the ')' in relation to the first '(' from stack
2025-05-07 06:25:09 DEBUG InfixToPostFixLogger - stack after removing first ')': '* -> null'
2025-05-07 06:25:09 INFO  InfixToPostFixLogger - Processed token: ) --> END
2025-05-07 06:25:09 DEBUG InfixToPostFixLogger - token: '/' is a operator
2025-05-07 06:25:09 INFO  InfixToPostFixLogger - Processing token: '/'
2025-05-07 06:25:09 DEBUG InfixToPostFixLogger - Operator '/' has lower or equal precedence, removing all operators from the stack and adding them to the operand list.
2025-05-07 06:25:09 DEBUG InfixToPostFixLogger - Removing first element: '*' from stack
2025-05-07 06:25:09 DEBUG InfixToPostFixLogger - Adding removed element: '*' from stack to operands list
2025-05-07 06:25:09 DEBUG InfixToPostFixLogger - stack after removing first element: 'Stack is empty.'
2025-05-07 06:25:09 DEBUG InfixToPostFixLogger - operands list after adding first element from stack: [8, 2, +, 3, 1, -, *]
2025-05-07 06:25:09 DEBUG InfixToPostFixLogger - adding token: / to stack
2025-05-07 06:25:09 DEBUG InfixToPostFixLogger - stack after adding token to stack: '/ -> null'
2025-05-07 06:25:09 DEBUG InfixToPostFixLogger - token: '(' is a operator
2025-05-07 06:25:09 INFO  InfixToPostFixLogger - Processing token: '('
2025-05-07 06:25:09 DEBUG InfixToPostFixLogger - adding token: ( to stack
2025-05-07 06:25:09 DEBUG InfixToPostFixLogger - stack after adding token to stack: '( -> / -> null'
2025-05-07 06:25:09 DEBUG InfixToPostFixLogger - token: '5' is not a operator
2025-05-07 06:25:09 DEBUG InfixToPostFixLogger - token: '5' is a digit, adding to stack
2025-05-07 06:25:09 DEBUG InfixToPostFixLogger - operands list after adding token '5': [8, 2, +, 3, 1, -, *, 5]
2025-05-07 06:25:09 DEBUG InfixToPostFixLogger - token: '+' is a operator
2025-05-07 06:25:09 INFO  InfixToPostFixLogger - Processing token: '+'
2025-05-07 06:25:09 DEBUG InfixToPostFixLogger - adding token: + to stack
2025-05-07 06:25:09 DEBUG InfixToPostFixLogger - stack after adding token to stack: '+ -> ( -> / -> null'
2025-05-07 06:25:09 DEBUG InfixToPostFixLogger - token: '1' is not a operator
2025-05-07 06:25:09 DEBUG InfixToPostFixLogger - token: '1' is a digit, adding to stack
2025-05-07 06:25:09 DEBUG InfixToPostFixLogger - operands list after adding token '1': [8, 2, +, 3, 1, -, *, 5, 1]
2025-05-07 06:25:09 DEBUG InfixToPostFixLogger - token: ')' is a operator
2025-05-07 06:25:09 INFO  InfixToPostFixLogger - Processing token: ')'
2025-05-07 06:25:09 DEBUG InfixToPostFixLogger - adding token: ) to stack
2025-05-07 06:25:09 DEBUG InfixToPostFixLogger - stack after adding token to stack: ') -> + -> ( -> / -> null'
2025-05-07 06:25:09 DEBUG InfixToPostFixLogger - Found closing parenthesis. Moving operators inside parentheses to the operand list.
2025-05-07 06:25:09 DEBUG InfixToPostFixLogger - Removing first '(' from stack
2025-05-07 06:25:09 DEBUG InfixToPostFixLogger - stack after removing first '(': '+ -> ( -> / -> null'
2025-05-07 06:25:09 DEBUG InfixToPostFixLogger - Removing first element: '+' from stack
2025-05-07 06:25:09 DEBUG InfixToPostFixLogger - Adding removed element: '+' from stack to operands list
2025-05-07 06:25:09 DEBUG InfixToPostFixLogger - stack after removing first element: '( -> / -> null'
2025-05-07 06:25:09 DEBUG InfixToPostFixLogger - operands list after adding first element from stack: [8, 2, +, 3, 1, -, *, 5, 1, +]
2025-05-07 06:25:09 DEBUG InfixToPostFixLogger - Removing the ')' in relation to the first '(' from stack
2025-05-07 06:25:09 DEBUG InfixToPostFixLogger - stack after removing first ')': '/ -> null'
2025-05-07 06:25:09 INFO  InfixToPostFixLogger - Processed token: ) --> END
2025-05-07 06:25:09 INFO  InfixToPostFixLogger - Processing remaining operators in the stack, moving them to the operands list.
2025-05-07 06:25:09 DEBUG InfixToPostFixLogger - Removing first element: '/' from stack
2025-05-07 06:25:09 DEBUG InfixToPostFixLogger - Adding removed element: '/' from stack to operands list
2025-05-07 06:25:09 DEBUG InfixToPostFixLogger - stack after removing first element: 'Stack is empty.'
2025-05-07 06:25:09 DEBUG InfixToPostFixLogger - operands list after adding first element from stack: [8, 2, +, 3, 1, -, *, 5, 1, +, /]
2025-05-07 06:25:09 INFO  InfixToPostFixLogger - Final result: 8 2 + 3 1 - * 5 1 + /
2025-05-07 06:25:09 DEBUG InfixToPostFixLogger - --------------------------------------------------
2025-05-07 06:25:09 INFO  InfixToPostFixLogger - Start conversion of Infix-Notation to PostFix-Notation for: ( 4 + 5 ) * ( 6 - 2 ) / ( 3 + 1 ) + 7
2025-05-07 06:25:09 DEBUG InfixToPostFixLogger - token: '(' is a operator
2025-05-07 06:25:09 INFO  InfixToPostFixLogger - Processing token: '('
2025-05-07 06:25:09 DEBUG InfixToPostFixLogger - adding token: ( to stack
2025-05-07 06:25:09 DEBUG InfixToPostFixLogger - stack after adding token to stack: '( -> null'
2025-05-07 06:25:09 DEBUG InfixToPostFixLogger - token: '4' is not a operator
2025-05-07 06:25:09 DEBUG InfixToPostFixLogger - token: '4' is a digit, adding to stack
2025-05-07 06:25:09 DEBUG InfixToPostFixLogger - operands list after adding token '4': [4]
2025-05-07 06:25:09 DEBUG InfixToPostFixLogger - token: '+' is a operator
2025-05-07 06:25:09 INFO  InfixToPostFixLogger - Processing token: '+'
2025-05-07 06:25:09 DEBUG InfixToPostFixLogger - adding token: + to stack
2025-05-07 06:25:09 DEBUG InfixToPostFixLogger - stack after adding token to stack: '+ -> ( -> null'
2025-05-07 06:25:09 DEBUG InfixToPostFixLogger - token: '5' is not a operator
2025-05-07 06:25:09 DEBUG InfixToPostFixLogger - token: '5' is a digit, adding to stack
2025-05-07 06:25:09 DEBUG InfixToPostFixLogger - operands list after adding token '5': [4, 5]
2025-05-07 06:25:09 DEBUG InfixToPostFixLogger - token: ')' is a operator
2025-05-07 06:25:09 INFO  InfixToPostFixLogger - Processing token: ')'
2025-05-07 06:25:09 DEBUG InfixToPostFixLogger - adding token: ) to stack
2025-05-07 06:25:09 DEBUG InfixToPostFixLogger - stack after adding token to stack: ') -> + -> ( -> null'
2025-05-07 06:25:09 DEBUG InfixToPostFixLogger - Found closing parenthesis. Moving operators inside parentheses to the operand list.
2025-05-07 06:25:09 DEBUG InfixToPostFixLogger - Removing first '(' from stack
2025-05-07 06:25:09 DEBUG InfixToPostFixLogger - stack after removing first '(': '+ -> ( -> null'
2025-05-07 06:25:09 DEBUG InfixToPostFixLogger - Removing first element: '+' from stack
2025-05-07 06:25:09 DEBUG InfixToPostFixLogger - Adding removed element: '+' from stack to operands list
2025-05-07 06:25:09 DEBUG InfixToPostFixLogger - stack after removing first element: '( -> null'
2025-05-07 06:25:09 DEBUG InfixToPostFixLogger - operands list after adding first element from stack: [4, 5, +]
2025-05-07 06:25:09 DEBUG InfixToPostFixLogger - Removing the ')' in relation to the first '(' from stack
2025-05-07 06:25:09 DEBUG InfixToPostFixLogger - stack after removing first ')': 'Stack is empty.'
2025-05-07 06:25:09 INFO  InfixToPostFixLogger - Processed token: ) --> END
2025-05-07 06:25:09 DEBUG InfixToPostFixLogger - token: '*' is a operator
2025-05-07 06:25:09 INFO  InfixToPostFixLogger - Processing token: '*'
2025-05-07 06:25:09 DEBUG InfixToPostFixLogger - adding token: * to stack
2025-05-07 06:25:09 DEBUG InfixToPostFixLogger - stack after adding token to stack: '* -> null'
2025-05-07 06:25:09 DEBUG InfixToPostFixLogger - token: '(' is a operator
2025-05-07 06:25:09 INFO  InfixToPostFixLogger - Processing token: '('
2025-05-07 06:25:09 DEBUG InfixToPostFixLogger - adding token: ( to stack
2025-05-07 06:25:09 DEBUG InfixToPostFixLogger - stack after adding token to stack: '( -> * -> null'
2025-05-07 06:25:09 DEBUG InfixToPostFixLogger - token: '6' is not a operator
2025-05-07 06:25:09 DEBUG InfixToPostFixLogger - token: '6' is a digit, adding to stack
2025-05-07 06:25:09 DEBUG InfixToPostFixLogger - operands list after adding token '6': [4, 5, +, 6]
2025-05-07 06:25:09 DEBUG InfixToPostFixLogger - token: '-' is a operator
2025-05-07 06:25:09 INFO  InfixToPostFixLogger - Processing token: '-'
2025-05-07 06:25:09 DEBUG InfixToPostFixLogger - adding token: - to stack
2025-05-07 06:25:09 DEBUG InfixToPostFixLogger - stack after adding token to stack: '- -> ( -> * -> null'
2025-05-07 06:25:09 DEBUG InfixToPostFixLogger - token: '2' is not a operator
2025-05-07 06:25:09 DEBUG InfixToPostFixLogger - token: '2' is a digit, adding to stack
2025-05-07 06:25:09 DEBUG InfixToPostFixLogger - operands list after adding token '2': [4, 5, +, 6, 2]
2025-05-07 06:25:09 DEBUG InfixToPostFixLogger - token: ')' is a operator
2025-05-07 06:25:09 INFO  InfixToPostFixLogger - Processing token: ')'
2025-05-07 06:25:09 DEBUG InfixToPostFixLogger - adding token: ) to stack
2025-05-07 06:25:09 DEBUG InfixToPostFixLogger - stack after adding token to stack: ') -> - -> ( -> * -> null'
2025-05-07 06:25:09 DEBUG InfixToPostFixLogger - Found closing parenthesis. Moving operators inside parentheses to the operand list.
2025-05-07 06:25:09 DEBUG InfixToPostFixLogger - Removing first '(' from stack
2025-05-07 06:25:09 DEBUG InfixToPostFixLogger - stack after removing first '(': '- -> ( -> * -> null'
2025-05-07 06:25:09 DEBUG InfixToPostFixLogger - Removing first element: '-' from stack
2025-05-07 06:25:09 DEBUG InfixToPostFixLogger - Adding removed element: '-' from stack to operands list
2025-05-07 06:25:09 DEBUG InfixToPostFixLogger - stack after removing first element: '( -> * -> null'
2025-05-07 06:25:09 DEBUG InfixToPostFixLogger - operands list after adding first element from stack: [4, 5, +, 6, 2, -]
2025-05-07 06:25:09 DEBUG InfixToPostFixLogger - Removing the ')' in relation to the first '(' from stack
2025-05-07 06:25:09 DEBUG InfixToPostFixLogger - stack after removing first ')': '* -> null'
2025-05-07 06:25:09 INFO  InfixToPostFixLogger - Processed token: ) --> END
2025-05-07 06:25:09 DEBUG InfixToPostFixLogger - token: '/' is a operator
2025-05-07 06:25:09 INFO  InfixToPostFixLogger - Processing token: '/'
2025-05-07 06:25:09 DEBUG InfixToPostFixLogger - Operator '/' has lower or equal precedence, removing all operators from the stack and adding them to the operand list.
2025-05-07 06:25:09 DEBUG InfixToPostFixLogger - Removing first element: '*' from stack
2025-05-07 06:25:09 DEBUG InfixToPostFixLogger - Adding removed element: '*' from stack to operands list
2025-05-07 06:25:09 DEBUG InfixToPostFixLogger - stack after removing first element: 'Stack is empty.'
2025-05-07 06:25:09 DEBUG InfixToPostFixLogger - operands list after adding first element from stack: [4, 5, +, 6, 2, -, *]
2025-05-07 06:25:09 DEBUG InfixToPostFixLogger - adding token: / to stack
2025-05-07 06:25:09 DEBUG InfixToPostFixLogger - stack after adding token to stack: '/ -> null'
2025-05-07 06:25:09 DEBUG InfixToPostFixLogger - token: '(' is a operator
2025-05-07 06:25:09 INFO  InfixToPostFixLogger - Processing token: '('
2025-05-07 06:25:09 DEBUG InfixToPostFixLogger - adding token: ( to stack
2025-05-07 06:25:09 DEBUG InfixToPostFixLogger - stack after adding token to stack: '( -> / -> null'
2025-05-07 06:25:09 DEBUG InfixToPostFixLogger - token: '3' is not a operator
2025-05-07 06:25:09 DEBUG InfixToPostFixLogger - token: '3' is a digit, adding to stack
2025-05-07 06:25:09 DEBUG InfixToPostFixLogger - operands list after adding token '3': [4, 5, +, 6, 2, -, *, 3]
2025-05-07 06:25:09 DEBUG InfixToPostFixLogger - token: '+' is a operator
2025-05-07 06:25:09 INFO  InfixToPostFixLogger - Processing token: '+'
2025-05-07 06:25:09 DEBUG InfixToPostFixLogger - adding token: + to stack
2025-05-07 06:25:09 DEBUG InfixToPostFixLogger - stack after adding token to stack: '+ -> ( -> / -> null'
2025-05-07 06:25:09 DEBUG InfixToPostFixLogger - token: '1' is not a operator
2025-05-07 06:25:09 DEBUG InfixToPostFixLogger - token: '1' is a digit, adding to stack
2025-05-07 06:25:09 DEBUG InfixToPostFixLogger - operands list after adding token '1': [4, 5, +, 6, 2, -, *, 3, 1]
2025-05-07 06:25:09 DEBUG InfixToPostFixLogger - token: ')' is a operator
2025-05-07 06:25:09 INFO  InfixToPostFixLogger - Processing token: ')'
2025-05-07 06:25:09 DEBUG InfixToPostFixLogger - adding token: ) to stack
2025-05-07 06:25:09 DEBUG InfixToPostFixLogger - stack after adding token to stack: ') -> + -> ( -> / -> null'
2025-05-07 06:25:09 DEBUG InfixToPostFixLogger - Found closing parenthesis. Moving operators inside parentheses to the operand list.
2025-05-07 06:25:09 DEBUG InfixToPostFixLogger - Removing first '(' from stack
2025-05-07 06:25:09 DEBUG InfixToPostFixLogger - stack after removing first '(': '+ -> ( -> / -> null'
2025-05-07 06:25:09 DEBUG InfixToPostFixLogger - Removing first element: '+' from stack
2025-05-07 06:25:09 DEBUG InfixToPostFixLogger - Adding removed element: '+' from stack to operands list
2025-05-07 06:25:09 DEBUG InfixToPostFixLogger - stack after removing first element: '( -> / -> null'
2025-05-07 06:25:09 DEBUG InfixToPostFixLogger - operands list after adding first element from stack: [4, 5, +, 6, 2, -, *, 3, 1, +]
2025-05-07 06:25:09 DEBUG InfixToPostFixLogger - Removing the ')' in relation to the first '(' from stack
2025-05-07 06:25:09 DEBUG InfixToPostFixLogger - stack after removing first ')': '/ -> null'
2025-05-07 06:25:09 INFO  InfixToPostFixLogger - Processed token: ) --> END
2025-05-07 06:25:09 DEBUG InfixToPostFixLogger - token: '+' is a operator
2025-05-07 06:25:09 INFO  InfixToPostFixLogger - Processing token: '+'
2025-05-07 06:25:09 DEBUG InfixToPostFixLogger - Operator '+' has lower or equal precedence, removing all operators from the stack and adding them to the operand list.
2025-05-07 06:25:09 DEBUG InfixToPostFixLogger - Removing first element: '/' from stack
2025-05-07 06:25:09 DEBUG InfixToPostFixLogger - Adding removed element: '/' from stack to operands list
2025-05-07 06:25:09 DEBUG InfixToPostFixLogger - stack after removing first element: 'Stack is empty.'
2025-05-07 06:25:09 DEBUG InfixToPostFixLogger - operands list after adding first element from stack: [4, 5, +, 6, 2, -, *, 3, 1, +, /]
2025-05-07 06:25:09 DEBUG InfixToPostFixLogger - adding token: + to stack
2025-05-07 06:25:09 DEBUG InfixToPostFixLogger - stack after adding token to stack: '+ -> null'
2025-05-07 06:25:09 DEBUG InfixToPostFixLogger - token: '7' is not a operator
2025-05-07 06:25:09 DEBUG InfixToPostFixLogger - token: '7' is a digit, adding to stack
2025-05-07 06:25:09 DEBUG InfixToPostFixLogger - operands list after adding token '7': [4, 5, +, 6, 2, -, *, 3, 1, +, /, 7]
2025-05-07 06:25:09 INFO  InfixToPostFixLogger - Processing remaining operators in the stack, moving them to the operands list.
2025-05-07 06:25:09 DEBUG InfixToPostFixLogger - Removing first element: '+' from stack
2025-05-07 06:25:09 DEBUG InfixToPostFixLogger - Adding removed element: '+' from stack to operands list
2025-05-07 06:25:09 DEBUG InfixToPostFixLogger - stack after removing first element: 'Stack is empty.'
2025-05-07 06:25:09 DEBUG InfixToPostFixLogger - operands list after adding first element from stack: [4, 5, +, 6, 2, -, *, 3, 1, +, /, 7, +]
2025-05-07 06:25:09 INFO  InfixToPostFixLogger - Final result: 4 5 + 6 2 - * 3 1 + / 7 +
2025-05-07 06:25:09 DEBUG InfixToPostFixLogger - --------------------------------------------------
2025-05-07 06:25:09 INFO  InfixToPostFixLogger - Start conversion of Infix-Notation to PostFix-Notation for: 8 + ( 4 * 3 ) - ( 2 + 6 ) / 4
2025-05-07 06:25:09 DEBUG InfixToPostFixLogger - token: '8' is not a operator
2025-05-07 06:25:09 DEBUG InfixToPostFixLogger - token: '8' is a digit, adding to stack
2025-05-07 06:25:09 DEBUG InfixToPostFixLogger - operands list after adding token '8': [8]
2025-05-07 06:25:09 DEBUG InfixToPostFixLogger - token: '+' is a operator
2025-05-07 06:25:09 INFO  InfixToPostFixLogger - Processing token: '+'
2025-05-07 06:25:09 DEBUG InfixToPostFixLogger - adding token: + to stack
2025-05-07 06:25:09 DEBUG InfixToPostFixLogger - stack after adding token to stack: '+ -> null'
2025-05-07 06:25:09 DEBUG InfixToPostFixLogger - token: '(' is a operator
2025-05-07 06:25:09 INFO  InfixToPostFixLogger - Processing token: '('
2025-05-07 06:25:09 DEBUG InfixToPostFixLogger - adding token: ( to stack
2025-05-07 06:25:09 DEBUG InfixToPostFixLogger - stack after adding token to stack: '( -> + -> null'
2025-05-07 06:25:09 DEBUG InfixToPostFixLogger - token: '4' is not a operator
2025-05-07 06:25:09 DEBUG InfixToPostFixLogger - token: '4' is a digit, adding to stack
2025-05-07 06:25:09 DEBUG InfixToPostFixLogger - operands list after adding token '4': [8, 4]
2025-05-07 06:25:09 DEBUG InfixToPostFixLogger - token: '*' is a operator
2025-05-07 06:25:09 INFO  InfixToPostFixLogger - Processing token: '*'
2025-05-07 06:25:09 DEBUG InfixToPostFixLogger - adding token: * to stack
2025-05-07 06:25:09 DEBUG InfixToPostFixLogger - stack after adding token to stack: '* -> ( -> + -> null'
2025-05-07 06:25:09 DEBUG InfixToPostFixLogger - token: '3' is not a operator
2025-05-07 06:25:09 DEBUG InfixToPostFixLogger - token: '3' is a digit, adding to stack
2025-05-07 06:25:09 DEBUG InfixToPostFixLogger - operands list after adding token '3': [8, 4, 3]
2025-05-07 06:25:09 DEBUG InfixToPostFixLogger - token: ')' is a operator
2025-05-07 06:25:09 INFO  InfixToPostFixLogger - Processing token: ')'
2025-05-07 06:25:09 DEBUG InfixToPostFixLogger - adding token: ) to stack
2025-05-07 06:25:09 DEBUG InfixToPostFixLogger - stack after adding token to stack: ') -> * -> ( -> + -> null'
2025-05-07 06:25:09 DEBUG InfixToPostFixLogger - Found closing parenthesis. Moving operators inside parentheses to the operand list.
2025-05-07 06:25:09 DEBUG InfixToPostFixLogger - Removing first '(' from stack
2025-05-07 06:25:09 DEBUG InfixToPostFixLogger - stack after removing first '(': '* -> ( -> + -> null'
2025-05-07 06:25:09 DEBUG InfixToPostFixLogger - Removing first element: '*' from stack
2025-05-07 06:25:09 DEBUG InfixToPostFixLogger - Adding removed element: '*' from stack to operands list
2025-05-07 06:25:09 DEBUG InfixToPostFixLogger - stack after removing first element: '( -> + -> null'
2025-05-07 06:25:09 DEBUG InfixToPostFixLogger - operands list after adding first element from stack: [8, 4, 3, *]
2025-05-07 06:25:09 DEBUG InfixToPostFixLogger - Removing the ')' in relation to the first '(' from stack
2025-05-07 06:25:09 DEBUG InfixToPostFixLogger - stack after removing first ')': '+ -> null'
2025-05-07 06:25:09 INFO  InfixToPostFixLogger - Processed token: ) --> END
2025-05-07 06:25:09 DEBUG InfixToPostFixLogger - token: '-' is a operator
2025-05-07 06:25:09 INFO  InfixToPostFixLogger - Processing token: '-'
2025-05-07 06:25:09 DEBUG InfixToPostFixLogger - Operator '-' has lower or equal precedence, removing all operators from the stack and adding them to the operand list.
2025-05-07 06:25:09 DEBUG InfixToPostFixLogger - Removing first element: '+' from stack
2025-05-07 06:25:09 DEBUG InfixToPostFixLogger - Adding removed element: '+' from stack to operands list
2025-05-07 06:25:09 DEBUG InfixToPostFixLogger - stack after removing first element: 'Stack is empty.'
2025-05-07 06:25:09 DEBUG InfixToPostFixLogger - operands list after adding first element from stack: [8, 4, 3, *, +]
2025-05-07 06:25:09 DEBUG InfixToPostFixLogger - adding token: - to stack
2025-05-07 06:25:09 DEBUG InfixToPostFixLogger - stack after adding token to stack: '- -> null'
2025-05-07 06:25:09 DEBUG InfixToPostFixLogger - token: '(' is a operator
2025-05-07 06:25:09 INFO  InfixToPostFixLogger - Processing token: '('
2025-05-07 06:25:09 DEBUG InfixToPostFixLogger - adding token: ( to stack
2025-05-07 06:25:09 DEBUG InfixToPostFixLogger - stack after adding token to stack: '( -> - -> null'
2025-05-07 06:25:09 DEBUG InfixToPostFixLogger - token: '2' is not a operator
2025-05-07 06:25:09 DEBUG InfixToPostFixLogger - token: '2' is a digit, adding to stack
2025-05-07 06:25:09 DEBUG InfixToPostFixLogger - operands list after adding token '2': [8, 4, 3, *, +, 2]
2025-05-07 06:25:09 DEBUG InfixToPostFixLogger - token: '+' is a operator
2025-05-07 06:25:09 INFO  InfixToPostFixLogger - Processing token: '+'
2025-05-07 06:25:09 DEBUG InfixToPostFixLogger - adding token: + to stack
2025-05-07 06:25:09 DEBUG InfixToPostFixLogger - stack after adding token to stack: '+ -> ( -> - -> null'
2025-05-07 06:25:09 DEBUG InfixToPostFixLogger - token: '6' is not a operator
2025-05-07 06:25:09 DEBUG InfixToPostFixLogger - token: '6' is a digit, adding to stack
2025-05-07 06:25:09 DEBUG InfixToPostFixLogger - operands list after adding token '6': [8, 4, 3, *, +, 2, 6]
2025-05-07 06:25:09 DEBUG InfixToPostFixLogger - token: ')' is a operator
2025-05-07 06:25:09 INFO  InfixToPostFixLogger - Processing token: ')'
2025-05-07 06:25:09 DEBUG InfixToPostFixLogger - adding token: ) to stack
2025-05-07 06:25:09 DEBUG InfixToPostFixLogger - stack after adding token to stack: ') -> + -> ( -> - -> null'
2025-05-07 06:25:09 DEBUG InfixToPostFixLogger - Found closing parenthesis. Moving operators inside parentheses to the operand list.
2025-05-07 06:25:09 DEBUG InfixToPostFixLogger - Removing first '(' from stack
2025-05-07 06:25:09 DEBUG InfixToPostFixLogger - stack after removing first '(': '+ -> ( -> - -> null'
2025-05-07 06:25:09 DEBUG InfixToPostFixLogger - Removing first element: '+' from stack
2025-05-07 06:25:09 DEBUG InfixToPostFixLogger - Adding removed element: '+' from stack to operands list
2025-05-07 06:25:09 DEBUG InfixToPostFixLogger - stack after removing first element: '( -> - -> null'
2025-05-07 06:25:09 DEBUG InfixToPostFixLogger - operands list after adding first element from stack: [8, 4, 3, *, +, 2, 6, +]
2025-05-07 06:25:09 DEBUG InfixToPostFixLogger - Removing the ')' in relation to the first '(' from stack
2025-05-07 06:25:09 DEBUG InfixToPostFixLogger - stack after removing first ')': '- -> null'
2025-05-07 06:25:09 INFO  InfixToPostFixLogger - Processed token: ) --> END
2025-05-07 06:25:09 DEBUG InfixToPostFixLogger - token: '/' is a operator
2025-05-07 06:25:09 INFO  InfixToPostFixLogger - Processing token: '/'
2025-05-07 06:25:09 DEBUG InfixToPostFixLogger - adding token: / to stack
2025-05-07 06:25:09 DEBUG InfixToPostFixLogger - stack after adding token to stack: '/ -> - -> null'
2025-05-07 06:25:09 DEBUG InfixToPostFixLogger - token: '4' is not a operator
2025-05-07 06:25:09 DEBUG InfixToPostFixLogger - token: '4' is a digit, adding to stack
2025-05-07 06:25:09 DEBUG InfixToPostFixLogger - operands list after adding token '4': [8, 4, 3, *, +, 2, 6, +, 4]
2025-05-07 06:25:09 INFO  InfixToPostFixLogger - Processing remaining operators in the stack, moving them to the operands list.
2025-05-07 06:25:09 DEBUG InfixToPostFixLogger - Removing first element: '/' from stack
2025-05-07 06:25:09 DEBUG InfixToPostFixLogger - Adding removed element: '/' from stack to operands list
2025-05-07 06:25:09 DEBUG InfixToPostFixLogger - stack after removing first element: '- -> null'
2025-05-07 06:25:09 DEBUG InfixToPostFixLogger - operands list after adding first element from stack: [8, 4, 3, *, +, 2, 6, +, 4, /]
2025-05-07 06:25:09 INFO  InfixToPostFixLogger - Processing remaining operators in the stack, moving them to the operands list.
2025-05-07 06:25:09 DEBUG InfixToPostFixLogger - Removing first element: '-' from stack
2025-05-07 06:25:09 DEBUG InfixToPostFixLogger - Adding removed element: '-' from stack to operands list
2025-05-07 06:25:09 DEBUG InfixToPostFixLogger - stack after removing first element: 'Stack is empty.'
2025-05-07 06:25:09 DEBUG InfixToPostFixLogger - operands list after adding first element from stack: [8, 4, 3, *, +, 2, 6, +, 4, /, -]
2025-05-07 06:25:09 INFO  InfixToPostFixLogger - Final result: 8 4 3 * + 2 6 + 4 / -
2025-05-07 06:25:09 DEBUG InfixToPostFixLogger - --------------------------------------------------
2025-05-07 06:25:09 INFO  InfixToPostFixLogger - Start conversion of Infix-Notation to PostFix-Notation for: ( 5 + 3 ) * ( 4 - 2 ) + ( 6 / 3 ) * ( 8 - 5 )
2025-05-07 06:25:09 DEBUG InfixToPostFixLogger - token: '(' is a operator
2025-05-07 06:25:09 INFO  InfixToPostFixLogger - Processing token: '('
2025-05-07 06:25:09 DEBUG InfixToPostFixLogger - adding token: ( to stack
2025-05-07 06:25:09 DEBUG InfixToPostFixLogger - stack after adding token to stack: '( -> null'
2025-05-07 06:25:09 DEBUG InfixToPostFixLogger - token: '5' is not a operator
2025-05-07 06:25:09 DEBUG InfixToPostFixLogger - token: '5' is a digit, adding to stack
2025-05-07 06:25:09 DEBUG InfixToPostFixLogger - operands list after adding token '5': [5]
2025-05-07 06:25:09 DEBUG InfixToPostFixLogger - token: '+' is a operator
2025-05-07 06:25:09 INFO  InfixToPostFixLogger - Processing token: '+'
2025-05-07 06:25:09 DEBUG InfixToPostFixLogger - adding token: + to stack
2025-05-07 06:25:09 DEBUG InfixToPostFixLogger - stack after adding token to stack: '+ -> ( -> null'
2025-05-07 06:25:09 DEBUG InfixToPostFixLogger - token: '3' is not a operator
2025-05-07 06:25:09 DEBUG InfixToPostFixLogger - token: '3' is a digit, adding to stack
2025-05-07 06:25:09 DEBUG InfixToPostFixLogger - operands list after adding token '3': [5, 3]
2025-05-07 06:25:09 DEBUG InfixToPostFixLogger - token: ')' is a operator
2025-05-07 06:25:09 INFO  InfixToPostFixLogger - Processing token: ')'
2025-05-07 06:25:09 DEBUG InfixToPostFixLogger - adding token: ) to stack
2025-05-07 06:25:09 DEBUG InfixToPostFixLogger - stack after adding token to stack: ') -> + -> ( -> null'
2025-05-07 06:25:09 DEBUG InfixToPostFixLogger - Found closing parenthesis. Moving operators inside parentheses to the operand list.
2025-05-07 06:25:09 DEBUG InfixToPostFixLogger - Removing first '(' from stack
2025-05-07 06:25:09 DEBUG InfixToPostFixLogger - stack after removing first '(': '+ -> ( -> null'
2025-05-07 06:25:09 DEBUG InfixToPostFixLogger - Removing first element: '+' from stack
2025-05-07 06:25:09 DEBUG InfixToPostFixLogger - Adding removed element: '+' from stack to operands list
2025-05-07 06:25:09 DEBUG InfixToPostFixLogger - stack after removing first element: '( -> null'
2025-05-07 06:25:09 DEBUG InfixToPostFixLogger - operands list after adding first element from stack: [5, 3, +]
2025-05-07 06:25:09 DEBUG InfixToPostFixLogger - Removing the ')' in relation to the first '(' from stack
2025-05-07 06:25:09 DEBUG InfixToPostFixLogger - stack after removing first ')': 'Stack is empty.'
2025-05-07 06:25:09 INFO  InfixToPostFixLogger - Processed token: ) --> END
2025-05-07 06:25:09 DEBUG InfixToPostFixLogger - token: '*' is a operator
2025-05-07 06:25:09 INFO  InfixToPostFixLogger - Processing token: '*'
2025-05-07 06:25:09 DEBUG InfixToPostFixLogger - adding token: * to stack
2025-05-07 06:25:09 DEBUG InfixToPostFixLogger - stack after adding token to stack: '* -> null'
2025-05-07 06:25:09 DEBUG InfixToPostFixLogger - token: '(' is a operator
2025-05-07 06:25:09 INFO  InfixToPostFixLogger - Processing token: '('
2025-05-07 06:25:09 DEBUG InfixToPostFixLogger - adding token: ( to stack
2025-05-07 06:25:09 DEBUG InfixToPostFixLogger - stack after adding token to stack: '( -> * -> null'
2025-05-07 06:25:09 DEBUG InfixToPostFixLogger - token: '4' is not a operator
2025-05-07 06:25:09 DEBUG InfixToPostFixLogger - token: '4' is a digit, adding to stack
2025-05-07 06:25:09 DEBUG InfixToPostFixLogger - operands list after adding token '4': [5, 3, +, 4]
2025-05-07 06:25:09 DEBUG InfixToPostFixLogger - token: '-' is a operator
2025-05-07 06:25:09 INFO  InfixToPostFixLogger - Processing token: '-'
2025-05-07 06:25:09 DEBUG InfixToPostFixLogger - adding token: - to stack
2025-05-07 06:25:09 DEBUG InfixToPostFixLogger - stack after adding token to stack: '- -> ( -> * -> null'
2025-05-07 06:25:09 DEBUG InfixToPostFixLogger - token: '2' is not a operator
2025-05-07 06:25:09 DEBUG InfixToPostFixLogger - token: '2' is a digit, adding to stack
2025-05-07 06:25:09 DEBUG InfixToPostFixLogger - operands list after adding token '2': [5, 3, +, 4, 2]
2025-05-07 06:25:09 DEBUG InfixToPostFixLogger - token: ')' is a operator
2025-05-07 06:25:09 INFO  InfixToPostFixLogger - Processing token: ')'
2025-05-07 06:25:09 DEBUG InfixToPostFixLogger - adding token: ) to stack
2025-05-07 06:25:09 DEBUG InfixToPostFixLogger - stack after adding token to stack: ') -> - -> ( -> * -> null'
2025-05-07 06:25:09 DEBUG InfixToPostFixLogger - Found closing parenthesis. Moving operators inside parentheses to the operand list.
2025-05-07 06:25:09 DEBUG InfixToPostFixLogger - Removing first '(' from stack
2025-05-07 06:25:09 DEBUG InfixToPostFixLogger - stack after removing first '(': '- -> ( -> * -> null'
2025-05-07 06:25:09 DEBUG InfixToPostFixLogger - Removing first element: '-' from stack
2025-05-07 06:25:09 DEBUG InfixToPostFixLogger - Adding removed element: '-' from stack to operands list
2025-05-07 06:25:09 DEBUG InfixToPostFixLogger - stack after removing first element: '( -> * -> null'
2025-05-07 06:25:09 DEBUG InfixToPostFixLogger - operands list after adding first element from stack: [5, 3, +, 4, 2, -]
2025-05-07 06:25:09 DEBUG InfixToPostFixLogger - Removing the ')' in relation to the first '(' from stack
2025-05-07 06:25:09 DEBUG InfixToPostFixLogger - stack after removing first ')': '* -> null'
2025-05-07 06:25:09 INFO  InfixToPostFixLogger - Processed token: ) --> END
2025-05-07 06:25:09 DEBUG InfixToPostFixLogger - token: '+' is a operator
2025-05-07 06:25:09 INFO  InfixToPostFixLogger - Processing token: '+'
2025-05-07 06:25:09 DEBUG InfixToPostFixLogger - Operator '+' has lower or equal precedence, removing all operators from the stack and adding them to the operand list.
2025-05-07 06:25:09 DEBUG InfixToPostFixLogger - Removing first element: '*' from stack
2025-05-07 06:25:09 DEBUG InfixToPostFixLogger - Adding removed element: '*' from stack to operands list
2025-05-07 06:25:09 DEBUG InfixToPostFixLogger - stack after removing first element: 'Stack is empty.'
2025-05-07 06:25:09 DEBUG InfixToPostFixLogger - operands list after adding first element from stack: [5, 3, +, 4, 2, -, *]
2025-05-07 06:25:09 DEBUG InfixToPostFixLogger - adding token: + to stack
2025-05-07 06:25:09 DEBUG InfixToPostFixLogger - stack after adding token to stack: '+ -> null'
2025-05-07 06:25:09 DEBUG InfixToPostFixLogger - token: '(' is a operator
2025-05-07 06:25:09 INFO  InfixToPostFixLogger - Processing token: '('
2025-05-07 06:25:09 DEBUG InfixToPostFixLogger - adding token: ( to stack
2025-05-07 06:25:09 DEBUG InfixToPostFixLogger - stack after adding token to stack: '( -> + -> null'
2025-05-07 06:25:09 DEBUG InfixToPostFixLogger - token: '6' is not a operator
2025-05-07 06:25:09 DEBUG InfixToPostFixLogger - token: '6' is a digit, adding to stack
2025-05-07 06:25:09 DEBUG InfixToPostFixLogger - operands list after adding token '6': [5, 3, +, 4, 2, -, *, 6]
2025-05-07 06:25:09 DEBUG InfixToPostFixLogger - token: '/' is a operator
2025-05-07 06:25:09 INFO  InfixToPostFixLogger - Processing token: '/'
2025-05-07 06:25:09 DEBUG InfixToPostFixLogger - adding token: / to stack
2025-05-07 06:25:09 DEBUG InfixToPostFixLogger - stack after adding token to stack: '/ -> ( -> + -> null'
2025-05-07 06:25:09 DEBUG InfixToPostFixLogger - token: '3' is not a operator
2025-05-07 06:25:09 DEBUG InfixToPostFixLogger - token: '3' is a digit, adding to stack
2025-05-07 06:25:09 DEBUG InfixToPostFixLogger - operands list after adding token '3': [5, 3, +, 4, 2, -, *, 6, 3]
2025-05-07 06:25:09 DEBUG InfixToPostFixLogger - token: ')' is a operator
2025-05-07 06:25:09 INFO  InfixToPostFixLogger - Processing token: ')'
2025-05-07 06:25:09 DEBUG InfixToPostFixLogger - adding token: ) to stack
2025-05-07 06:25:09 DEBUG InfixToPostFixLogger - stack after adding token to stack: ') -> / -> ( -> + -> null'
2025-05-07 06:25:09 DEBUG InfixToPostFixLogger - Found closing parenthesis. Moving operators inside parentheses to the operand list.
2025-05-07 06:25:09 DEBUG InfixToPostFixLogger - Removing first '(' from stack
2025-05-07 06:25:09 DEBUG InfixToPostFixLogger - stack after removing first '(': '/ -> ( -> + -> null'
2025-05-07 06:25:09 DEBUG InfixToPostFixLogger - Removing first element: '/' from stack
2025-05-07 06:25:09 DEBUG InfixToPostFixLogger - Adding removed element: '/' from stack to operands list
2025-05-07 06:25:09 DEBUG InfixToPostFixLogger - stack after removing first element: '( -> + -> null'
2025-05-07 06:25:09 DEBUG InfixToPostFixLogger - operands list after adding first element from stack: [5, 3, +, 4, 2, -, *, 6, 3, /]
2025-05-07 06:25:09 DEBUG InfixToPostFixLogger - Removing the ')' in relation to the first '(' from stack
2025-05-07 06:25:09 DEBUG InfixToPostFixLogger - stack after removing first ')': '+ -> null'
2025-05-07 06:25:09 INFO  InfixToPostFixLogger - Processed token: ) --> END
2025-05-07 06:25:09 DEBUG InfixToPostFixLogger - token: '*' is a operator
2025-05-07 06:25:09 INFO  InfixToPostFixLogger - Processing token: '*'
2025-05-07 06:25:09 DEBUG InfixToPostFixLogger - adding token: * to stack
2025-05-07 06:25:09 DEBUG InfixToPostFixLogger - stack after adding token to stack: '* -> + -> null'
2025-05-07 06:25:09 DEBUG InfixToPostFixLogger - token: '(' is a operator
2025-05-07 06:25:09 INFO  InfixToPostFixLogger - Processing token: '('
2025-05-07 06:25:09 DEBUG InfixToPostFixLogger - adding token: ( to stack
2025-05-07 06:25:09 DEBUG InfixToPostFixLogger - stack after adding token to stack: '( -> * -> + -> null'
2025-05-07 06:25:09 DEBUG InfixToPostFixLogger - token: '8' is not a operator
2025-05-07 06:25:09 DEBUG InfixToPostFixLogger - token: '8' is a digit, adding to stack
2025-05-07 06:25:09 DEBUG InfixToPostFixLogger - operands list after adding token '8': [5, 3, +, 4, 2, -, *, 6, 3, /, 8]
2025-05-07 06:25:09 DEBUG InfixToPostFixLogger - token: '-' is a operator
2025-05-07 06:25:09 INFO  InfixToPostFixLogger - Processing token: '-'
2025-05-07 06:25:09 DEBUG InfixToPostFixLogger - adding token: - to stack
2025-05-07 06:25:09 DEBUG InfixToPostFixLogger - stack after adding token to stack: '- -> ( -> * -> + -> null'
2025-05-07 06:25:09 DEBUG InfixToPostFixLogger - token: '5' is not a operator
2025-05-07 06:25:09 DEBUG InfixToPostFixLogger - token: '5' is a digit, adding to stack
2025-05-07 06:25:09 DEBUG InfixToPostFixLogger - operands list after adding token '5': [5, 3, +, 4, 2, -, *, 6, 3, /, 8, 5]
2025-05-07 06:25:09 DEBUG InfixToPostFixLogger - token: ')' is a operator
2025-05-07 06:25:09 INFO  InfixToPostFixLogger - Processing token: ')'
2025-05-07 06:25:09 DEBUG InfixToPostFixLogger - adding token: ) to stack
2025-05-07 06:25:09 DEBUG InfixToPostFixLogger - stack after adding token to stack: ') -> - -> ( -> * -> + -> null'
2025-05-07 06:25:09 DEBUG InfixToPostFixLogger - Found closing parenthesis. Moving operators inside parentheses to the operand list.
2025-05-07 06:25:09 DEBUG InfixToPostFixLogger - Removing first '(' from stack
2025-05-07 06:25:09 DEBUG InfixToPostFixLogger - stack after removing first '(': '- -> ( -> * -> + -> null'
2025-05-07 06:25:09 DEBUG InfixToPostFixLogger - Removing first element: '-' from stack
2025-05-07 06:25:09 DEBUG InfixToPostFixLogger - Adding removed element: '-' from stack to operands list
2025-05-07 06:25:09 DEBUG InfixToPostFixLogger - stack after removing first element: '( -> * -> + -> null'
2025-05-07 06:25:09 DEBUG InfixToPostFixLogger - operands list after adding first element from stack: [5, 3, +, 4, 2, -, *, 6, 3, /, 8, 5, -]
2025-05-07 06:25:09 DEBUG InfixToPostFixLogger - Removing the ')' in relation to the first '(' from stack
2025-05-07 06:25:09 DEBUG InfixToPostFixLogger - stack after removing first ')': '* -> + -> null'
2025-05-07 06:25:09 INFO  InfixToPostFixLogger - Processed token: ) --> END
2025-05-07 06:25:09 INFO  InfixToPostFixLogger - Processing remaining operators in the stack, moving them to the operands list.
2025-05-07 06:25:09 DEBUG InfixToPostFixLogger - Removing first element: '*' from stack
2025-05-07 06:25:09 DEBUG InfixToPostFixLogger - Adding removed element: '*' from stack to operands list
2025-05-07 06:25:09 DEBUG InfixToPostFixLogger - stack after removing first element: '+ -> null'
2025-05-07 06:25:09 DEBUG InfixToPostFixLogger - operands list after adding first element from stack: [5, 3, +, 4, 2, -, *, 6, 3, /, 8, 5, -, *]
2025-05-07 06:25:09 INFO  InfixToPostFixLogger - Processing remaining operators in the stack, moving them to the operands list.
2025-05-07 06:25:09 DEBUG InfixToPostFixLogger - Removing first element: '+' from stack
2025-05-07 06:25:09 DEBUG InfixToPostFixLogger - Adding removed element: '+' from stack to operands list
2025-05-07 06:25:09 DEBUG InfixToPostFixLogger - stack after removing first element: 'Stack is empty.'
2025-05-07 06:25:09 DEBUG InfixToPostFixLogger - operands list after adding first element from stack: [5, 3, +, 4, 2, -, *, 6, 3, /, 8, 5, -, *, +]
2025-05-07 06:25:09 INFO  InfixToPostFixLogger - Final result: 5 3 + 4 2 - * 6 3 / 8 5 - * +
2025-05-07 06:25:09 DEBUG InfixToPostFixLogger - --------------------------------------------------
2025-05-07 06:25:09 INFO  InfixToPostFixLogger - Start conversion of Infix-Notation to PostFix-Notation for: ( 3 + 2 * 5 ) * ( 8 - 4 / 2 ) + ( 7 - 3 ) * ( 4 + 6 )
2025-05-07 06:25:09 DEBUG InfixToPostFixLogger - token: '(' is a operator
2025-05-07 06:25:09 INFO  InfixToPostFixLogger - Processing token: '('
2025-05-07 06:25:09 DEBUG InfixToPostFixLogger - adding token: ( to stack
2025-05-07 06:25:09 DEBUG InfixToPostFixLogger - stack after adding token to stack: '( -> null'
2025-05-07 06:25:09 DEBUG InfixToPostFixLogger - token: '3' is not a operator
2025-05-07 06:25:09 DEBUG InfixToPostFixLogger - token: '3' is a digit, adding to stack
2025-05-07 06:25:09 DEBUG InfixToPostFixLogger - operands list after adding token '3': [3]
2025-05-07 06:25:09 DEBUG InfixToPostFixLogger - token: '+' is a operator
2025-05-07 06:25:09 INFO  InfixToPostFixLogger - Processing token: '+'
2025-05-07 06:25:09 DEBUG InfixToPostFixLogger - adding token: + to stack
2025-05-07 06:25:09 DEBUG InfixToPostFixLogger - stack after adding token to stack: '+ -> ( -> null'
2025-05-07 06:25:09 DEBUG InfixToPostFixLogger - token: '2' is not a operator
2025-05-07 06:25:09 DEBUG InfixToPostFixLogger - token: '2' is a digit, adding to stack
2025-05-07 06:25:09 DEBUG InfixToPostFixLogger - operands list after adding token '2': [3, 2]
2025-05-07 06:25:09 DEBUG InfixToPostFixLogger - token: '*' is a operator
2025-05-07 06:25:09 INFO  InfixToPostFixLogger - Processing token: '*'
2025-05-07 06:25:09 DEBUG InfixToPostFixLogger - adding token: * to stack
2025-05-07 06:25:09 DEBUG InfixToPostFixLogger - stack after adding token to stack: '* -> + -> ( -> null'
2025-05-07 06:25:09 DEBUG InfixToPostFixLogger - token: '5' is not a operator
2025-05-07 06:25:09 DEBUG InfixToPostFixLogger - token: '5' is a digit, adding to stack
2025-05-07 06:25:09 DEBUG InfixToPostFixLogger - operands list after adding token '5': [3, 2, 5]
2025-05-07 06:25:09 DEBUG InfixToPostFixLogger - token: ')' is a operator
2025-05-07 06:25:09 INFO  InfixToPostFixLogger - Processing token: ')'
2025-05-07 06:25:09 DEBUG InfixToPostFixLogger - adding token: ) to stack
2025-05-07 06:25:09 DEBUG InfixToPostFixLogger - stack after adding token to stack: ') -> * -> + -> ( -> null'
2025-05-07 06:25:09 DEBUG InfixToPostFixLogger - Found closing parenthesis. Moving operators inside parentheses to the operand list.
2025-05-07 06:25:09 DEBUG InfixToPostFixLogger - Removing first '(' from stack
2025-05-07 06:25:09 DEBUG InfixToPostFixLogger - stack after removing first '(': '* -> + -> ( -> null'
2025-05-07 06:25:09 DEBUG InfixToPostFixLogger - Removing first element: '*' from stack
2025-05-07 06:25:09 DEBUG InfixToPostFixLogger - Adding removed element: '*' from stack to operands list
2025-05-07 06:25:09 DEBUG InfixToPostFixLogger - stack after removing first element: '+ -> ( -> null'
2025-05-07 06:25:09 DEBUG InfixToPostFixLogger - operands list after adding first element from stack: [3, 2, 5, *]
2025-05-07 06:25:09 DEBUG InfixToPostFixLogger - Removing first element: '+' from stack
2025-05-07 06:25:09 DEBUG InfixToPostFixLogger - Adding removed element: '+' from stack to operands list
2025-05-07 06:25:09 DEBUG InfixToPostFixLogger - stack after removing first element: '( -> null'
2025-05-07 06:25:09 DEBUG InfixToPostFixLogger - operands list after adding first element from stack: [3, 2, 5, *, +]
2025-05-07 06:25:09 DEBUG InfixToPostFixLogger - Removing the ')' in relation to the first '(' from stack
2025-05-07 06:25:09 DEBUG InfixToPostFixLogger - stack after removing first ')': 'Stack is empty.'
2025-05-07 06:25:09 INFO  InfixToPostFixLogger - Processed token: ) --> END
2025-05-07 06:25:09 DEBUG InfixToPostFixLogger - token: '*' is a operator
2025-05-07 06:25:09 INFO  InfixToPostFixLogger - Processing token: '*'
2025-05-07 06:25:09 DEBUG InfixToPostFixLogger - adding token: * to stack
2025-05-07 06:25:09 DEBUG InfixToPostFixLogger - stack after adding token to stack: '* -> null'
2025-05-07 06:25:09 DEBUG InfixToPostFixLogger - token: '(' is a operator
2025-05-07 06:25:09 INFO  InfixToPostFixLogger - Processing token: '('
2025-05-07 06:25:09 DEBUG InfixToPostFixLogger - adding token: ( to stack
2025-05-07 06:25:09 DEBUG InfixToPostFixLogger - stack after adding token to stack: '( -> * -> null'
2025-05-07 06:25:09 DEBUG InfixToPostFixLogger - token: '8' is not a operator
2025-05-07 06:25:09 DEBUG InfixToPostFixLogger - token: '8' is a digit, adding to stack
2025-05-07 06:25:09 DEBUG InfixToPostFixLogger - operands list after adding token '8': [3, 2, 5, *, +, 8]
2025-05-07 06:25:09 DEBUG InfixToPostFixLogger - token: '-' is a operator
2025-05-07 06:25:09 INFO  InfixToPostFixLogger - Processing token: '-'
2025-05-07 06:25:09 DEBUG InfixToPostFixLogger - adding token: - to stack
2025-05-07 06:25:09 DEBUG InfixToPostFixLogger - stack after adding token to stack: '- -> ( -> * -> null'
2025-05-07 06:25:09 DEBUG InfixToPostFixLogger - token: '4' is not a operator
2025-05-07 06:25:09 DEBUG InfixToPostFixLogger - token: '4' is a digit, adding to stack
2025-05-07 06:25:09 DEBUG InfixToPostFixLogger - operands list after adding token '4': [3, 2, 5, *, +, 8, 4]
2025-05-07 06:25:09 DEBUG InfixToPostFixLogger - token: '/' is a operator
2025-05-07 06:25:09 INFO  InfixToPostFixLogger - Processing token: '/'
2025-05-07 06:25:09 DEBUG InfixToPostFixLogger - adding token: / to stack
2025-05-07 06:25:09 DEBUG InfixToPostFixLogger - stack after adding token to stack: '/ -> - -> ( -> * -> null'
2025-05-07 06:25:09 DEBUG InfixToPostFixLogger - token: '2' is not a operator
2025-05-07 06:25:09 DEBUG InfixToPostFixLogger - token: '2' is a digit, adding to stack
2025-05-07 06:25:09 DEBUG InfixToPostFixLogger - operands list after adding token '2': [3, 2, 5, *, +, 8, 4, 2]
2025-05-07 06:25:09 DEBUG InfixToPostFixLogger - token: ')' is a operator
2025-05-07 06:25:09 INFO  InfixToPostFixLogger - Processing token: ')'
2025-05-07 06:25:09 DEBUG InfixToPostFixLogger - adding token: ) to stack
2025-05-07 06:25:09 DEBUG InfixToPostFixLogger - stack after adding token to stack: ') -> / -> - -> ( -> * -> null'
2025-05-07 06:25:09 DEBUG InfixToPostFixLogger - Found closing parenthesis. Moving operators inside parentheses to the operand list.
2025-05-07 06:25:09 DEBUG InfixToPostFixLogger - Removing first '(' from stack
2025-05-07 06:25:09 DEBUG InfixToPostFixLogger - stack after removing first '(': '/ -> - -> ( -> * -> null'
2025-05-07 06:25:09 DEBUG InfixToPostFixLogger - Removing first element: '/' from stack
2025-05-07 06:25:09 DEBUG InfixToPostFixLogger - Adding removed element: '/' from stack to operands list
2025-05-07 06:25:09 DEBUG InfixToPostFixLogger - stack after removing first element: '- -> ( -> * -> null'
2025-05-07 06:25:09 DEBUG InfixToPostFixLogger - operands list after adding first element from stack: [3, 2, 5, *, +, 8, 4, 2, /]
2025-05-07 06:25:09 DEBUG InfixToPostFixLogger - Removing first element: '-' from stack
2025-05-07 06:25:09 DEBUG InfixToPostFixLogger - Adding removed element: '-' from stack to operands list
2025-05-07 06:25:09 DEBUG InfixToPostFixLogger - stack after removing first element: '( -> * -> null'
2025-05-07 06:25:09 DEBUG InfixToPostFixLogger - operands list after adding first element from stack: [3, 2, 5, *, +, 8, 4, 2, /, -]
2025-05-07 06:25:09 DEBUG InfixToPostFixLogger - Removing the ')' in relation to the first '(' from stack
2025-05-07 06:25:09 DEBUG InfixToPostFixLogger - stack after removing first ')': '* -> null'
2025-05-07 06:25:09 INFO  InfixToPostFixLogger - Processed token: ) --> END
2025-05-07 06:25:09 DEBUG InfixToPostFixLogger - token: '+' is a operator
2025-05-07 06:25:09 INFO  InfixToPostFixLogger - Processing token: '+'
2025-05-07 06:25:09 DEBUG InfixToPostFixLogger - Operator '+' has lower or equal precedence, removing all operators from the stack and adding them to the operand list.
2025-05-07 06:25:09 DEBUG InfixToPostFixLogger - Removing first element: '*' from stack
2025-05-07 06:25:09 DEBUG InfixToPostFixLogger - Adding removed element: '*' from stack to operands list
2025-05-07 06:25:09 DEBUG InfixToPostFixLogger - stack after removing first element: 'Stack is empty.'
2025-05-07 06:25:09 DEBUG InfixToPostFixLogger - operands list after adding first element from stack: [3, 2, 5, *, +, 8, 4, 2, /, -, *]
2025-05-07 06:25:09 DEBUG InfixToPostFixLogger - adding token: + to stack
2025-05-07 06:25:09 DEBUG InfixToPostFixLogger - stack after adding token to stack: '+ -> null'
2025-05-07 06:25:09 DEBUG InfixToPostFixLogger - token: '(' is a operator
2025-05-07 06:25:09 INFO  InfixToPostFixLogger - Processing token: '('
2025-05-07 06:25:09 DEBUG InfixToPostFixLogger - adding token: ( to stack
2025-05-07 06:25:09 DEBUG InfixToPostFixLogger - stack after adding token to stack: '( -> + -> null'
2025-05-07 06:25:09 DEBUG InfixToPostFixLogger - token: '7' is not a operator
2025-05-07 06:25:09 DEBUG InfixToPostFixLogger - token: '7' is a digit, adding to stack
2025-05-07 06:25:09 DEBUG InfixToPostFixLogger - operands list after adding token '7': [3, 2, 5, *, +, 8, 4, 2, /, -, *, 7]
2025-05-07 06:25:09 DEBUG InfixToPostFixLogger - token: '-' is a operator
2025-05-07 06:25:09 INFO  InfixToPostFixLogger - Processing token: '-'
2025-05-07 06:25:09 DEBUG InfixToPostFixLogger - adding token: - to stack
2025-05-07 06:25:09 DEBUG InfixToPostFixLogger - stack after adding token to stack: '- -> ( -> + -> null'
2025-05-07 06:25:09 DEBUG InfixToPostFixLogger - token: '3' is not a operator
2025-05-07 06:25:09 DEBUG InfixToPostFixLogger - token: '3' is a digit, adding to stack
2025-05-07 06:25:09 DEBUG InfixToPostFixLogger - operands list after adding token '3': [3, 2, 5, *, +, 8, 4, 2, /, -, *, 7, 3]
2025-05-07 06:25:09 DEBUG InfixToPostFixLogger - token: ')' is a operator
2025-05-07 06:25:09 INFO  InfixToPostFixLogger - Processing token: ')'
2025-05-07 06:25:09 DEBUG InfixToPostFixLogger - adding token: ) to stack
2025-05-07 06:25:09 DEBUG InfixToPostFixLogger - stack after adding token to stack: ') -> - -> ( -> + -> null'
2025-05-07 06:25:09 DEBUG InfixToPostFixLogger - Found closing parenthesis. Moving operators inside parentheses to the operand list.
2025-05-07 06:25:09 DEBUG InfixToPostFixLogger - Removing first '(' from stack
2025-05-07 06:25:09 DEBUG InfixToPostFixLogger - stack after removing first '(': '- -> ( -> + -> null'
2025-05-07 06:25:09 DEBUG InfixToPostFixLogger - Removing first element: '-' from stack
2025-05-07 06:25:09 DEBUG InfixToPostFixLogger - Adding removed element: '-' from stack to operands list
2025-05-07 06:25:09 DEBUG InfixToPostFixLogger - stack after removing first element: '( -> + -> null'
2025-05-07 06:25:09 DEBUG InfixToPostFixLogger - operands list after adding first element from stack: [3, 2, 5, *, +, 8, 4, 2, /, -, *, 7, 3, -]
2025-05-07 06:25:09 DEBUG InfixToPostFixLogger - Removing the ')' in relation to the first '(' from stack
2025-05-07 06:25:09 DEBUG InfixToPostFixLogger - stack after removing first ')': '+ -> null'
2025-05-07 06:25:09 INFO  InfixToPostFixLogger - Processed token: ) --> END
2025-05-07 06:25:09 DEBUG InfixToPostFixLogger - token: '*' is a operator
2025-05-07 06:25:09 INFO  InfixToPostFixLogger - Processing token: '*'
2025-05-07 06:25:09 DEBUG InfixToPostFixLogger - adding token: * to stack
2025-05-07 06:25:09 DEBUG InfixToPostFixLogger - stack after adding token to stack: '* -> + -> null'
2025-05-07 06:25:09 DEBUG InfixToPostFixLogger - token: '(' is a operator
2025-05-07 06:25:09 INFO  InfixToPostFixLogger - Processing token: '('
2025-05-07 06:25:09 DEBUG InfixToPostFixLogger - adding token: ( to stack
2025-05-07 06:25:09 DEBUG InfixToPostFixLogger - stack after adding token to stack: '( -> * -> + -> null'
2025-05-07 06:25:09 DEBUG InfixToPostFixLogger - token: '4' is not a operator
2025-05-07 06:25:09 DEBUG InfixToPostFixLogger - token: '4' is a digit, adding to stack
2025-05-07 06:25:09 DEBUG InfixToPostFixLogger - operands list after adding token '4': [3, 2, 5, *, +, 8, 4, 2, /, -, *, 7, 3, -, 4]
2025-05-07 06:25:09 DEBUG InfixToPostFixLogger - token: '+' is a operator
2025-05-07 06:25:09 INFO  InfixToPostFixLogger - Processing token: '+'
2025-05-07 06:25:09 DEBUG InfixToPostFixLogger - adding token: + to stack
2025-05-07 06:25:09 DEBUG InfixToPostFixLogger - stack after adding token to stack: '+ -> ( -> * -> + -> null'
2025-05-07 06:25:09 DEBUG InfixToPostFixLogger - token: '6' is not a operator
2025-05-07 06:25:09 DEBUG InfixToPostFixLogger - token: '6' is a digit, adding to stack
2025-05-07 06:25:09 DEBUG InfixToPostFixLogger - operands list after adding token '6': [3, 2, 5, *, +, 8, 4, 2, /, -, *, 7, 3, -, 4, 6]
2025-05-07 06:25:09 DEBUG InfixToPostFixLogger - token: ')' is a operator
2025-05-07 06:25:09 INFO  InfixToPostFixLogger - Processing token: ')'
2025-05-07 06:25:09 DEBUG InfixToPostFixLogger - adding token: ) to stack
2025-05-07 06:25:09 DEBUG InfixToPostFixLogger - stack after adding token to stack: ') -> + -> ( -> * -> + -> null'
2025-05-07 06:25:09 DEBUG InfixToPostFixLogger - Found closing parenthesis. Moving operators inside parentheses to the operand list.
2025-05-07 06:25:09 DEBUG InfixToPostFixLogger - Removing first '(' from stack
2025-05-07 06:25:09 DEBUG InfixToPostFixLogger - stack after removing first '(': '+ -> ( -> * -> + -> null'
2025-05-07 06:25:09 DEBUG InfixToPostFixLogger - Removing first element: '+' from stack
2025-05-07 06:25:09 DEBUG InfixToPostFixLogger - Adding removed element: '+' from stack to operands list
2025-05-07 06:25:09 DEBUG InfixToPostFixLogger - stack after removing first element: '( -> * -> + -> null'
2025-05-07 06:25:09 DEBUG InfixToPostFixLogger - operands list after adding first element from stack: [3, 2, 5, *, +, 8, 4, 2, /, -, *, 7, 3, -, 4, 6, +]
2025-05-07 06:25:09 DEBUG InfixToPostFixLogger - Removing the ')' in relation to the first '(' from stack
2025-05-07 06:25:09 DEBUG InfixToPostFixLogger - stack after removing first ')': '* -> + -> null'
2025-05-07 06:25:09 INFO  InfixToPostFixLogger - Processed token: ) --> END
2025-05-07 06:25:09 INFO  InfixToPostFixLogger - Processing remaining operators in the stack, moving them to the operands list.
2025-05-07 06:25:09 DEBUG InfixToPostFixLogger - Removing first element: '*' from stack
2025-05-07 06:25:09 DEBUG InfixToPostFixLogger - Adding removed element: '*' from stack to operands list
2025-05-07 06:25:09 DEBUG InfixToPostFixLogger - stack after removing first element: '+ -> null'
2025-05-07 06:25:09 DEBUG InfixToPostFixLogger - operands list after adding first element from stack: [3, 2, 5, *, +, 8, 4, 2, /, -, *, 7, 3, -, 4, 6, +, *]
2025-05-07 06:25:09 INFO  InfixToPostFixLogger - Processing remaining operators in the stack, moving them to the operands list.
2025-05-07 06:25:09 DEBUG InfixToPostFixLogger - Removing first element: '+' from stack
2025-05-07 06:25:09 DEBUG InfixToPostFixLogger - Adding removed element: '+' from stack to operands list
2025-05-07 06:25:09 DEBUG InfixToPostFixLogger - stack after removing first element: 'Stack is empty.'
2025-05-07 06:25:09 DEBUG InfixToPostFixLogger - operands list after adding first element from stack: [3, 2, 5, *, +, 8, 4, 2, /, -, *, 7, 3, -, 4, 6, +, *, +]
2025-05-07 06:25:09 INFO  InfixToPostFixLogger - Final result: 3 2 5 * + 8 4 2 / - * 7 3 - 4 6 + * +
2025-05-07 06:25:09 DEBUG InfixToPostFixLogger - --------------------------------------------------
2025-05-07 06:25:09 INFO  InfixToPostFixLogger - Start conversion of Infix-Notation to PostFix-Notation for: ( 2 + 3 * ( 4 + 5 ) ) - ( 6 + 2 ) * ( 3 + 7 )
2025-05-07 06:25:09 DEBUG InfixToPostFixLogger - token: '(' is a operator
2025-05-07 06:25:09 INFO  InfixToPostFixLogger - Processing token: '('
2025-05-07 06:25:09 DEBUG InfixToPostFixLogger - adding token: ( to stack
2025-05-07 06:25:09 DEBUG InfixToPostFixLogger - stack after adding token to stack: '( -> null'
2025-05-07 06:25:09 DEBUG InfixToPostFixLogger - token: '2' is not a operator
2025-05-07 06:25:09 DEBUG InfixToPostFixLogger - token: '2' is a digit, adding to stack
2025-05-07 06:25:09 DEBUG InfixToPostFixLogger - operands list after adding token '2': [2]
2025-05-07 06:25:09 DEBUG InfixToPostFixLogger - token: '+' is a operator
2025-05-07 06:25:09 INFO  InfixToPostFixLogger - Processing token: '+'
2025-05-07 06:25:09 DEBUG InfixToPostFixLogger - adding token: + to stack
2025-05-07 06:25:09 DEBUG InfixToPostFixLogger - stack after adding token to stack: '+ -> ( -> null'
2025-05-07 06:25:09 DEBUG InfixToPostFixLogger - token: '3' is not a operator
2025-05-07 06:25:09 DEBUG InfixToPostFixLogger - token: '3' is a digit, adding to stack
2025-05-07 06:25:09 DEBUG InfixToPostFixLogger - operands list after adding token '3': [2, 3]
2025-05-07 06:25:09 DEBUG InfixToPostFixLogger - token: '*' is a operator
2025-05-07 06:25:09 INFO  InfixToPostFixLogger - Processing token: '*'
2025-05-07 06:25:09 DEBUG InfixToPostFixLogger - adding token: * to stack
2025-05-07 06:25:09 DEBUG InfixToPostFixLogger - stack after adding token to stack: '* -> + -> ( -> null'
2025-05-07 06:25:09 DEBUG InfixToPostFixLogger - token: '(' is a operator
2025-05-07 06:25:09 INFO  InfixToPostFixLogger - Processing token: '('
2025-05-07 06:25:09 DEBUG InfixToPostFixLogger - adding token: ( to stack
2025-05-07 06:25:09 DEBUG InfixToPostFixLogger - stack after adding token to stack: '( -> * -> + -> ( -> null'
2025-05-07 06:25:09 DEBUG InfixToPostFixLogger - token: '4' is not a operator
2025-05-07 06:25:09 DEBUG InfixToPostFixLogger - token: '4' is a digit, adding to stack
2025-05-07 06:25:09 DEBUG InfixToPostFixLogger - operands list after adding token '4': [2, 3, 4]
2025-05-07 06:25:09 DEBUG InfixToPostFixLogger - token: '+' is a operator
2025-05-07 06:25:09 INFO  InfixToPostFixLogger - Processing token: '+'
2025-05-07 06:25:09 DEBUG InfixToPostFixLogger - adding token: + to stack
2025-05-07 06:25:09 DEBUG InfixToPostFixLogger - stack after adding token to stack: '+ -> ( -> * -> + -> ( -> null'
2025-05-07 06:25:09 DEBUG InfixToPostFixLogger - token: '5' is not a operator
2025-05-07 06:25:09 DEBUG InfixToPostFixLogger - token: '5' is a digit, adding to stack
2025-05-07 06:25:09 DEBUG InfixToPostFixLogger - operands list after adding token '5': [2, 3, 4, 5]
2025-05-07 06:25:09 DEBUG InfixToPostFixLogger - token: ')' is a operator
2025-05-07 06:25:09 INFO  InfixToPostFixLogger - Processing token: ')'
2025-05-07 06:25:09 DEBUG InfixToPostFixLogger - adding token: ) to stack
2025-05-07 06:25:09 DEBUG InfixToPostFixLogger - stack after adding token to stack: ') -> + -> ( -> * -> + -> ( -> null'
2025-05-07 06:25:09 DEBUG InfixToPostFixLogger - Found closing parenthesis. Moving operators inside parentheses to the operand list.
2025-05-07 06:25:09 DEBUG InfixToPostFixLogger - Removing first '(' from stack
2025-05-07 06:25:09 DEBUG InfixToPostFixLogger - stack after removing first '(': '+ -> ( -> * -> + -> ( -> null'
2025-05-07 06:25:09 DEBUG InfixToPostFixLogger - Removing first element: '+' from stack
2025-05-07 06:25:09 DEBUG InfixToPostFixLogger - Adding removed element: '+' from stack to operands list
2025-05-07 06:25:09 DEBUG InfixToPostFixLogger - stack after removing first element: '( -> * -> + -> ( -> null'
2025-05-07 06:25:09 DEBUG InfixToPostFixLogger - operands list after adding first element from stack: [2, 3, 4, 5, +]
2025-05-07 06:25:09 DEBUG InfixToPostFixLogger - Removing the ')' in relation to the first '(' from stack
2025-05-07 06:25:09 DEBUG InfixToPostFixLogger - stack after removing first ')': '* -> + -> ( -> null'
2025-05-07 06:25:09 INFO  InfixToPostFixLogger - Processed token: ) --> END
2025-05-07 06:25:09 DEBUG InfixToPostFixLogger - token: ')' is a operator
2025-05-07 06:25:09 INFO  InfixToPostFixLogger - Processing token: ')'
2025-05-07 06:25:09 DEBUG InfixToPostFixLogger - adding token: ) to stack
2025-05-07 06:25:09 DEBUG InfixToPostFixLogger - stack after adding token to stack: ') -> * -> + -> ( -> null'
2025-05-07 06:25:09 DEBUG InfixToPostFixLogger - Found closing parenthesis. Moving operators inside parentheses to the operand list.
2025-05-07 06:25:09 DEBUG InfixToPostFixLogger - Removing first '(' from stack
2025-05-07 06:25:09 DEBUG InfixToPostFixLogger - stack after removing first '(': '* -> + -> ( -> null'
2025-05-07 06:25:09 DEBUG InfixToPostFixLogger - Removing first element: '*' from stack
2025-05-07 06:25:09 DEBUG InfixToPostFixLogger - Adding removed element: '*' from stack to operands list
2025-05-07 06:25:09 DEBUG InfixToPostFixLogger - stack after removing first element: '+ -> ( -> null'
2025-05-07 06:25:09 DEBUG InfixToPostFixLogger - operands list after adding first element from stack: [2, 3, 4, 5, +, *]
2025-05-07 06:25:09 DEBUG InfixToPostFixLogger - Removing first element: '+' from stack
2025-05-07 06:25:09 DEBUG InfixToPostFixLogger - Adding removed element: '+' from stack to operands list
2025-05-07 06:25:09 DEBUG InfixToPostFixLogger - stack after removing first element: '( -> null'
2025-05-07 06:25:09 DEBUG InfixToPostFixLogger - operands list after adding first element from stack: [2, 3, 4, 5, +, *, +]
2025-05-07 06:25:09 DEBUG InfixToPostFixLogger - Removing the ')' in relation to the first '(' from stack
2025-05-07 06:25:09 DEBUG InfixToPostFixLogger - stack after removing first ')': 'Stack is empty.'
2025-05-07 06:25:09 INFO  InfixToPostFixLogger - Processed token: ) --> END
2025-05-07 06:25:09 DEBUG InfixToPostFixLogger - token: '-' is a operator
2025-05-07 06:25:09 INFO  InfixToPostFixLogger - Processing token: '-'
2025-05-07 06:25:09 DEBUG InfixToPostFixLogger - adding token: - to stack
2025-05-07 06:25:09 DEBUG InfixToPostFixLogger - stack after adding token to stack: '- -> null'
2025-05-07 06:25:09 DEBUG InfixToPostFixLogger - token: '(' is a operator
2025-05-07 06:25:09 INFO  InfixToPostFixLogger - Processing token: '('
2025-05-07 06:25:09 DEBUG InfixToPostFixLogger - adding token: ( to stack
2025-05-07 06:25:09 DEBUG InfixToPostFixLogger - stack after adding token to stack: '( -> - -> null'
2025-05-07 06:25:09 DEBUG InfixToPostFixLogger - token: '6' is not a operator
2025-05-07 06:25:09 DEBUG InfixToPostFixLogger - token: '6' is a digit, adding to stack
2025-05-07 06:25:09 DEBUG InfixToPostFixLogger - operands list after adding token '6': [2, 3, 4, 5, +, *, +, 6]
2025-05-07 06:25:09 DEBUG InfixToPostFixLogger - token: '+' is a operator
2025-05-07 06:25:09 INFO  InfixToPostFixLogger - Processing token: '+'
2025-05-07 06:25:09 DEBUG InfixToPostFixLogger - adding token: + to stack
2025-05-07 06:25:09 DEBUG InfixToPostFixLogger - stack after adding token to stack: '+ -> ( -> - -> null'
2025-05-07 06:25:09 DEBUG InfixToPostFixLogger - token: '2' is not a operator
2025-05-07 06:25:09 DEBUG InfixToPostFixLogger - token: '2' is a digit, adding to stack
2025-05-07 06:25:09 DEBUG InfixToPostFixLogger - operands list after adding token '2': [2, 3, 4, 5, +, *, +, 6, 2]
2025-05-07 06:25:09 DEBUG InfixToPostFixLogger - token: ')' is a operator
2025-05-07 06:25:09 INFO  InfixToPostFixLogger - Processing token: ')'
2025-05-07 06:25:09 DEBUG InfixToPostFixLogger - adding token: ) to stack
2025-05-07 06:25:09 DEBUG InfixToPostFixLogger - stack after adding token to stack: ') -> + -> ( -> - -> null'
2025-05-07 06:25:09 DEBUG InfixToPostFixLogger - Found closing parenthesis. Moving operators inside parentheses to the operand list.
2025-05-07 06:25:09 DEBUG InfixToPostFixLogger - Removing first '(' from stack
2025-05-07 06:25:09 DEBUG InfixToPostFixLogger - stack after removing first '(': '+ -> ( -> - -> null'
2025-05-07 06:25:09 DEBUG InfixToPostFixLogger - Removing first element: '+' from stack
2025-05-07 06:25:09 DEBUG InfixToPostFixLogger - Adding removed element: '+' from stack to operands list
2025-05-07 06:25:09 DEBUG InfixToPostFixLogger - stack after removing first element: '( -> - -> null'
2025-05-07 06:25:09 DEBUG InfixToPostFixLogger - operands list after adding first element from stack: [2, 3, 4, 5, +, *, +, 6, 2, +]
2025-05-07 06:25:09 DEBUG InfixToPostFixLogger - Removing the ')' in relation to the first '(' from stack
2025-05-07 06:25:09 DEBUG InfixToPostFixLogger - stack after removing first ')': '- -> null'
2025-05-07 06:25:09 INFO  InfixToPostFixLogger - Processed token: ) --> END
2025-05-07 06:25:09 DEBUG InfixToPostFixLogger - token: '*' is a operator
2025-05-07 06:25:09 INFO  InfixToPostFixLogger - Processing token: '*'
2025-05-07 06:25:09 DEBUG InfixToPostFixLogger - adding token: * to stack
2025-05-07 06:25:09 DEBUG InfixToPostFixLogger - stack after adding token to stack: '* -> - -> null'
2025-05-07 06:25:09 DEBUG InfixToPostFixLogger - token: '(' is a operator
2025-05-07 06:25:09 INFO  InfixToPostFixLogger - Processing token: '('
2025-05-07 06:25:09 DEBUG InfixToPostFixLogger - adding token: ( to stack
2025-05-07 06:25:09 DEBUG InfixToPostFixLogger - stack after adding token to stack: '( -> * -> - -> null'
2025-05-07 06:25:09 DEBUG InfixToPostFixLogger - token: '3' is not a operator
2025-05-07 06:25:09 DEBUG InfixToPostFixLogger - token: '3' is a digit, adding to stack
2025-05-07 06:25:09 DEBUG InfixToPostFixLogger - operands list after adding token '3': [2, 3, 4, 5, +, *, +, 6, 2, +, 3]
2025-05-07 06:25:09 DEBUG InfixToPostFixLogger - token: '+' is a operator
2025-05-07 06:25:09 INFO  InfixToPostFixLogger - Processing token: '+'
2025-05-07 06:25:09 DEBUG InfixToPostFixLogger - adding token: + to stack
2025-05-07 06:25:09 DEBUG InfixToPostFixLogger - stack after adding token to stack: '+ -> ( -> * -> - -> null'
2025-05-07 06:25:09 DEBUG InfixToPostFixLogger - token: '7' is not a operator
2025-05-07 06:25:09 DEBUG InfixToPostFixLogger - token: '7' is a digit, adding to stack
2025-05-07 06:25:09 DEBUG InfixToPostFixLogger - operands list after adding token '7': [2, 3, 4, 5, +, *, +, 6, 2, +, 3, 7]
2025-05-07 06:25:09 DEBUG InfixToPostFixLogger - token: ')' is a operator
2025-05-07 06:25:09 INFO  InfixToPostFixLogger - Processing token: ')'
2025-05-07 06:25:09 DEBUG InfixToPostFixLogger - adding token: ) to stack
2025-05-07 06:25:09 DEBUG InfixToPostFixLogger - stack after adding token to stack: ') -> + -> ( -> * -> - -> null'
2025-05-07 06:25:09 DEBUG InfixToPostFixLogger - Found closing parenthesis. Moving operators inside parentheses to the operand list.
2025-05-07 06:25:09 DEBUG InfixToPostFixLogger - Removing first '(' from stack
2025-05-07 06:25:09 DEBUG InfixToPostFixLogger - stack after removing first '(': '+ -> ( -> * -> - -> null'
2025-05-07 06:25:09 DEBUG InfixToPostFixLogger - Removing first element: '+' from stack
2025-05-07 06:25:09 DEBUG InfixToPostFixLogger - Adding removed element: '+' from stack to operands list
2025-05-07 06:25:09 DEBUG InfixToPostFixLogger - stack after removing first element: '( -> * -> - -> null'
2025-05-07 06:25:09 DEBUG InfixToPostFixLogger - operands list after adding first element from stack: [2, 3, 4, 5, +, *, +, 6, 2, +, 3, 7, +]
2025-05-07 06:25:09 DEBUG InfixToPostFixLogger - Removing the ')' in relation to the first '(' from stack
2025-05-07 06:25:09 DEBUG InfixToPostFixLogger - stack after removing first ')': '* -> - -> null'
2025-05-07 06:25:09 INFO  InfixToPostFixLogger - Processed token: ) --> END
2025-05-07 06:25:09 INFO  InfixToPostFixLogger - Processing remaining operators in the stack, moving them to the operands list.
2025-05-07 06:25:09 DEBUG InfixToPostFixLogger - Removing first element: '*' from stack
2025-05-07 06:25:09 DEBUG InfixToPostFixLogger - Adding removed element: '*' from stack to operands list
2025-05-07 06:25:09 DEBUG InfixToPostFixLogger - stack after removing first element: '- -> null'
2025-05-07 06:25:09 DEBUG InfixToPostFixLogger - operands list after adding first element from stack: [2, 3, 4, 5, +, *, +, 6, 2, +, 3, 7, +, *]
2025-05-07 06:25:09 INFO  InfixToPostFixLogger - Processing remaining operators in the stack, moving them to the operands list.
2025-05-07 06:25:09 DEBUG InfixToPostFixLogger - Removing first element: '-' from stack
2025-05-07 06:25:09 DEBUG InfixToPostFixLogger - Adding removed element: '-' from stack to operands list
2025-05-07 06:25:09 DEBUG InfixToPostFixLogger - stack after removing first element: 'Stack is empty.'
2025-05-07 06:25:09 DEBUG InfixToPostFixLogger - operands list after adding first element from stack: [2, 3, 4, 5, +, *, +, 6, 2, +, 3, 7, +, *, -]
2025-05-07 06:25:09 INFO  InfixToPostFixLogger - Final result: 2 3 4 5 + * + 6 2 + 3 7 + * -
2025-05-07 06:25:09 DEBUG InfixToPostFixLogger - --------------------------------------------------
