2025-05-07 04:28:17 INFO  PostfixToInfixLogger - Start conversion of PostFix-Notation to Infix-Notation for: 3 4 +
2025-05-07 04:28:17 DEBUG PostfixToInfixLogger - token: 3 is not a operator
2025-05-07 04:28:17 DEBUG PostfixToInfixLogger - token: 3 is a digit, adding to stack
2025-05-07 04:28:17 DEBUG PostfixToInfixLogger - stack after pushing token: 3 -> null
2025-05-07 04:28:17 DEBUG PostfixToInfixLogger - token: 4 is not a operator
2025-05-07 04:28:17 DEBUG PostfixToInfixLogger - token: 4 is a digit, adding to stack
2025-05-07 04:28:17 DEBUG PostfixToInfixLogger - stack after pushing token: 4 -> 3 -> null
2025-05-07 04:28:17 DEBUG PostfixToInfixLogger - token: + is a operator
2025-05-07 04:28:17 DEBUG PostfixToInfixLogger - removing first number from stack
2025-05-07 04:28:17 DEBUG PostfixToInfixLogger - stack after removing first number: 3 -> null
2025-05-07 04:28:17 DEBUG PostfixToInfixLogger - removing second number from stack
2025-05-07 04:28:17 DEBUG PostfixToInfixLogger - stack after removing second number: Stack is empty.
2025-05-07 04:28:17 INFO  PostfixToInfixLogger - Removed 3 and 4 from the stack. Calculating result for: 3 + 4
2025-05-07 04:28:17 INFO  PostfixToInfixLogger - Calculated result: '3 + 4' = (3 + 4)
2025-05-07 04:28:17 DEBUG PostfixToInfixLogger - adding result: (3 + 4) to stack
2025-05-07 04:28:17 DEBUG PostfixToInfixLogger - stack after pushing result: (3 + 4) -> null
2025-05-07 04:28:17 INFO  PostfixToInfixLogger - Final result: (3 + 4)
2025-05-07 04:28:17 DEBUG PostfixToInfixLogger - --------------------------------------------------
2025-05-07 04:29:38 INFO  PostfixToInfixLogger - Start conversion of PostFix-Notation to Infix-Notation for: 8 2 -
2025-05-07 04:29:38 DEBUG PostfixToInfixLogger - token: 8 is not a operator
2025-05-07 04:29:38 DEBUG PostfixToInfixLogger - token: 8 is a digit, adding to stack
2025-05-07 04:29:38 DEBUG PostfixToInfixLogger - stack after pushing token: 8 -> null
2025-05-07 04:29:38 DEBUG PostfixToInfixLogger - token: 2 is not a operator
2025-05-07 04:29:38 DEBUG PostfixToInfixLogger - token: 2 is a digit, adding to stack
2025-05-07 04:29:38 DEBUG PostfixToInfixLogger - stack after pushing token: 2 -> 8 -> null
2025-05-07 04:29:38 DEBUG PostfixToInfixLogger - token: - is a operator
2025-05-07 04:29:38 DEBUG PostfixToInfixLogger - removing first number from stack
2025-05-07 04:29:38 DEBUG PostfixToInfixLogger - stack after removing first number: 8 -> null
2025-05-07 04:29:38 DEBUG PostfixToInfixLogger - removing second number from stack
2025-05-07 04:29:38 DEBUG PostfixToInfixLogger - stack after removing second number: Stack is empty.
2025-05-07 04:29:38 INFO  PostfixToInfixLogger - Removed 8 and 2 from the stack. Calculating result for: 8 - 2
2025-05-07 04:29:38 INFO  PostfixToInfixLogger - Calculated result: '8 - 2' = (8 - 2)
2025-05-07 04:29:38 DEBUG PostfixToInfixLogger - adding result: (8 - 2) to stack
2025-05-07 04:29:38 DEBUG PostfixToInfixLogger - stack after pushing result: (8 - 2) -> null
2025-05-07 04:29:38 INFO  PostfixToInfixLogger - Final result: (8 - 2)
2025-05-07 04:29:38 DEBUG PostfixToInfixLogger - --------------------------------------------------
2025-05-07 04:30:07 INFO  PostfixToInfixLogger - Start conversion of PostFix-Notation to Infix-Notation for: 6 3 *
2025-05-07 04:30:07 DEBUG PostfixToInfixLogger - token: 6 is not a operator
2025-05-07 04:30:07 DEBUG PostfixToInfixLogger - token: 6 is a digit, adding to stack
2025-05-07 04:30:07 DEBUG PostfixToInfixLogger - stack after pushing token: 6 -> null
2025-05-07 04:30:07 DEBUG PostfixToInfixLogger - token: 3 is not a operator
2025-05-07 04:30:07 DEBUG PostfixToInfixLogger - token: 3 is a digit, adding to stack
2025-05-07 04:30:07 DEBUG PostfixToInfixLogger - stack after pushing token: 3 -> 6 -> null
2025-05-07 04:30:07 DEBUG PostfixToInfixLogger - token: * is a operator
2025-05-07 04:30:07 DEBUG PostfixToInfixLogger - removing first number from stack
2025-05-07 04:30:07 DEBUG PostfixToInfixLogger - stack after removing first number: 6 -> null
2025-05-07 04:30:07 DEBUG PostfixToInfixLogger - removing second number from stack
2025-05-07 04:30:07 DEBUG PostfixToInfixLogger - stack after removing second number: Stack is empty.
2025-05-07 04:30:07 INFO  PostfixToInfixLogger - Removed 6 and 3 from the stack. Calculating result for: 6 * 3
2025-05-07 04:30:07 INFO  PostfixToInfixLogger - Calculated result: '6 * 3' = (6 * 3)
2025-05-07 04:30:07 DEBUG PostfixToInfixLogger - adding result: (6 * 3) to stack
2025-05-07 04:30:07 DEBUG PostfixToInfixLogger - stack after pushing result: (6 * 3) -> null
2025-05-07 04:30:07 INFO  PostfixToInfixLogger - Final result: (6 * 3)
2025-05-07 04:30:07 DEBUG PostfixToInfixLogger - --------------------------------------------------
2025-05-07 04:30:29 INFO  PostfixToInfixLogger - Start conversion of PostFix-Notation to Infix-Notation for: 5 2 + 4 *
2025-05-07 04:30:29 DEBUG PostfixToInfixLogger - token: 5 is not a operator
2025-05-07 04:30:29 DEBUG PostfixToInfixLogger - token: 5 is a digit, adding to stack
2025-05-07 04:30:29 DEBUG PostfixToInfixLogger - stack after pushing token: 5 -> null
2025-05-07 04:30:29 DEBUG PostfixToInfixLogger - token: 2 is not a operator
2025-05-07 04:30:29 DEBUG PostfixToInfixLogger - token: 2 is a digit, adding to stack
2025-05-07 04:30:29 DEBUG PostfixToInfixLogger - stack after pushing token: 2 -> 5 -> null
2025-05-07 04:30:29 DEBUG PostfixToInfixLogger - token: + is a operator
2025-05-07 04:30:29 DEBUG PostfixToInfixLogger - removing first number from stack
2025-05-07 04:30:29 DEBUG PostfixToInfixLogger - stack after removing first number: 5 -> null
2025-05-07 04:30:29 DEBUG PostfixToInfixLogger - removing second number from stack
2025-05-07 04:30:29 DEBUG PostfixToInfixLogger - stack after removing second number: Stack is empty.
2025-05-07 04:30:29 INFO  PostfixToInfixLogger - Removed 5 and 2 from the stack. Calculating result for: 5 + 2
2025-05-07 04:30:29 INFO  PostfixToInfixLogger - Calculated result: '5 + 2' = (5 + 2)
2025-05-07 04:30:29 DEBUG PostfixToInfixLogger - adding result: (5 + 2) to stack
2025-05-07 04:30:29 DEBUG PostfixToInfixLogger - stack after pushing result: (5 + 2) -> null
2025-05-07 04:30:29 DEBUG PostfixToInfixLogger - token: 4 is not a operator
2025-05-07 04:30:29 DEBUG PostfixToInfixLogger - token: 4 is a digit, adding to stack
2025-05-07 04:30:29 DEBUG PostfixToInfixLogger - stack after pushing token: 4 -> (5 + 2) -> null
2025-05-07 04:30:29 DEBUG PostfixToInfixLogger - token: * is a operator
2025-05-07 04:30:29 DEBUG PostfixToInfixLogger - removing first number from stack
2025-05-07 04:30:29 DEBUG PostfixToInfixLogger - stack after removing first number: (5 + 2) -> null
2025-05-07 04:30:29 DEBUG PostfixToInfixLogger - removing second number from stack
2025-05-07 04:30:29 DEBUG PostfixToInfixLogger - stack after removing second number: Stack is empty.
2025-05-07 04:30:29 INFO  PostfixToInfixLogger - Removed (5 + 2) and 4 from the stack. Calculating result for: (5 + 2) * 4
2025-05-07 04:30:29 INFO  PostfixToInfixLogger - Calculated result: '(5 + 2) * 4' = ((5 + 2) * 4)
2025-05-07 04:30:29 DEBUG PostfixToInfixLogger - adding result: ((5 + 2) * 4) to stack
2025-05-07 04:30:29 DEBUG PostfixToInfixLogger - stack after pushing result: ((5 + 2) * 4) -> null
2025-05-07 04:30:29 INFO  PostfixToInfixLogger - Final result: ((5 + 2) * 4)
2025-05-07 04:30:29 DEBUG PostfixToInfixLogger - --------------------------------------------------
2025-05-07 04:30:57 INFO  PostfixToInfixLogger - Start conversion of PostFix-Notation to Infix-Notation for: 9 3 1 - /
2025-05-07 04:30:57 DEBUG PostfixToInfixLogger - token: 9 is not a operator
2025-05-07 04:30:57 DEBUG PostfixToInfixLogger - token: 9 is a digit, adding to stack
2025-05-07 04:30:57 DEBUG PostfixToInfixLogger - stack after pushing token: 9 -> null
2025-05-07 04:30:57 DEBUG PostfixToInfixLogger - token: 3 is not a operator
2025-05-07 04:30:57 DEBUG PostfixToInfixLogger - token: 3 is a digit, adding to stack
2025-05-07 04:30:57 DEBUG PostfixToInfixLogger - stack after pushing token: 3 -> 9 -> null
2025-05-07 04:30:57 DEBUG PostfixToInfixLogger - token: 1 is not a operator
2025-05-07 04:30:57 DEBUG PostfixToInfixLogger - token: 1 is a digit, adding to stack
2025-05-07 04:30:57 DEBUG PostfixToInfixLogger - stack after pushing token: 1 -> 3 -> 9 -> null
2025-05-07 04:30:57 DEBUG PostfixToInfixLogger - token: - is a operator
2025-05-07 04:30:57 DEBUG PostfixToInfixLogger - removing first number from stack
2025-05-07 04:30:57 DEBUG PostfixToInfixLogger - stack after removing first number: 3 -> 9 -> null
2025-05-07 04:30:57 DEBUG PostfixToInfixLogger - removing second number from stack
2025-05-07 04:30:57 DEBUG PostfixToInfixLogger - stack after removing second number: 9 -> null
2025-05-07 04:30:57 INFO  PostfixToInfixLogger - Removed 3 and 1 from the stack. Calculating result for: 3 - 1
2025-05-07 04:30:57 INFO  PostfixToInfixLogger - Calculated result: '3 - 1' = (3 - 1)
2025-05-07 04:30:57 DEBUG PostfixToInfixLogger - adding result: (3 - 1) to stack
2025-05-07 04:30:57 DEBUG PostfixToInfixLogger - stack after pushing result: (3 - 1) -> 9 -> null
2025-05-07 04:30:57 DEBUG PostfixToInfixLogger - token: / is a operator
2025-05-07 04:30:57 DEBUG PostfixToInfixLogger - removing first number from stack
2025-05-07 04:30:57 DEBUG PostfixToInfixLogger - stack after removing first number: 9 -> null
2025-05-07 04:30:57 DEBUG PostfixToInfixLogger - removing second number from stack
2025-05-07 04:30:57 DEBUG PostfixToInfixLogger - stack after removing second number: Stack is empty.
2025-05-07 04:30:57 INFO  PostfixToInfixLogger - Removed 9 and (3 - 1) from the stack. Calculating result for: 9 / (3 - 1)
2025-05-07 04:30:57 INFO  PostfixToInfixLogger - Calculated result: '9 / (3 - 1)' = (9 / (3 - 1))
2025-05-07 04:30:57 DEBUG PostfixToInfixLogger - adding result: (9 / (3 - 1)) to stack
2025-05-07 04:30:57 DEBUG PostfixToInfixLogger - stack after pushing result: (9 / (3 - 1)) -> null
2025-05-07 04:30:57 INFO  PostfixToInfixLogger - Final result: (9 / (3 - 1))
2025-05-07 04:30:57 DEBUG PostfixToInfixLogger - --------------------------------------------------
2025-05-07 04:31:17 INFO  PostfixToInfixLogger - Start conversion of PostFix-Notation to Infix-Notation for: 7 2 3 + *
2025-05-07 04:31:17 DEBUG PostfixToInfixLogger - token: 7 is not a operator
2025-05-07 04:31:17 DEBUG PostfixToInfixLogger - token: 7 is a digit, adding to stack
2025-05-07 04:31:17 DEBUG PostfixToInfixLogger - stack after pushing token: 7 -> null
2025-05-07 04:31:17 DEBUG PostfixToInfixLogger - token: 2 is not a operator
2025-05-07 04:31:17 DEBUG PostfixToInfixLogger - token: 2 is a digit, adding to stack
2025-05-07 04:31:17 DEBUG PostfixToInfixLogger - stack after pushing token: 2 -> 7 -> null
2025-05-07 04:31:17 DEBUG PostfixToInfixLogger - token: 3 is not a operator
2025-05-07 04:31:17 DEBUG PostfixToInfixLogger - token: 3 is a digit, adding to stack
2025-05-07 04:31:17 DEBUG PostfixToInfixLogger - stack after pushing token: 3 -> 2 -> 7 -> null
2025-05-07 04:31:17 DEBUG PostfixToInfixLogger - token: + is a operator
2025-05-07 04:31:17 DEBUG PostfixToInfixLogger - removing first number from stack
2025-05-07 04:31:17 DEBUG PostfixToInfixLogger - stack after removing first number: 2 -> 7 -> null
2025-05-07 04:31:17 DEBUG PostfixToInfixLogger - removing second number from stack
2025-05-07 04:31:17 DEBUG PostfixToInfixLogger - stack after removing second number: 7 -> null
2025-05-07 04:31:17 INFO  PostfixToInfixLogger - Removed 2 and 3 from the stack. Calculating result for: 2 + 3
2025-05-07 04:31:17 INFO  PostfixToInfixLogger - Calculated result: '2 + 3' = (2 + 3)
2025-05-07 04:31:17 DEBUG PostfixToInfixLogger - adding result: (2 + 3) to stack
2025-05-07 04:31:17 DEBUG PostfixToInfixLogger - stack after pushing result: (2 + 3) -> 7 -> null
2025-05-07 04:31:17 DEBUG PostfixToInfixLogger - token: * is a operator
2025-05-07 04:31:17 DEBUG PostfixToInfixLogger - removing first number from stack
2025-05-07 04:31:17 DEBUG PostfixToInfixLogger - stack after removing first number: 7 -> null
2025-05-07 04:31:17 DEBUG PostfixToInfixLogger - removing second number from stack
2025-05-07 04:31:17 DEBUG PostfixToInfixLogger - stack after removing second number: Stack is empty.
2025-05-07 04:31:17 INFO  PostfixToInfixLogger - Removed 7 and (2 + 3) from the stack. Calculating result for: 7 * (2 + 3)
2025-05-07 04:31:17 INFO  PostfixToInfixLogger - Calculated result: '7 * (2 + 3)' = (7 * (2 + 3))
2025-05-07 04:31:17 DEBUG PostfixToInfixLogger - adding result: (7 * (2 + 3)) to stack
2025-05-07 04:31:17 DEBUG PostfixToInfixLogger - stack after pushing result: (7 * (2 + 3)) -> null
2025-05-07 04:31:17 INFO  PostfixToInfixLogger - Final result: (7 * (2 + 3))
2025-05-07 04:31:17 DEBUG PostfixToInfixLogger - --------------------------------------------------
2025-05-07 04:31:43 INFO  PostfixToInfixLogger - Start conversion of PostFix-Notation to Infix-Notation for: 10 5 + 6 2 / -
2025-05-07 04:31:43 DEBUG PostfixToInfixLogger - token: 10 is not a operator
2025-05-07 04:31:43 DEBUG PostfixToInfixLogger - token: 10 is a digit, adding to stack
2025-05-07 04:31:43 DEBUG PostfixToInfixLogger - stack after pushing token: 10 -> null
2025-05-07 04:31:43 DEBUG PostfixToInfixLogger - token: 5 is not a operator
2025-05-07 04:31:43 DEBUG PostfixToInfixLogger - token: 5 is a digit, adding to stack
2025-05-07 04:31:43 DEBUG PostfixToInfixLogger - stack after pushing token: 5 -> 10 -> null
2025-05-07 04:31:43 DEBUG PostfixToInfixLogger - token: + is a operator
2025-05-07 04:31:43 DEBUG PostfixToInfixLogger - removing first number from stack
2025-05-07 04:31:43 DEBUG PostfixToInfixLogger - stack after removing first number: 10 -> null
2025-05-07 04:31:43 DEBUG PostfixToInfixLogger - removing second number from stack
2025-05-07 04:31:43 DEBUG PostfixToInfixLogger - stack after removing second number: Stack is empty.
2025-05-07 04:31:43 INFO  PostfixToInfixLogger - Removed 10 and 5 from the stack. Calculating result for: 10 + 5
2025-05-07 04:31:43 INFO  PostfixToInfixLogger - Calculated result: '10 + 5' = (10 + 5)
2025-05-07 04:31:43 DEBUG PostfixToInfixLogger - adding result: (10 + 5) to stack
2025-05-07 04:31:43 DEBUG PostfixToInfixLogger - stack after pushing result: (10 + 5) -> null
2025-05-07 04:31:43 DEBUG PostfixToInfixLogger - token: 6 is not a operator
2025-05-07 04:31:43 DEBUG PostfixToInfixLogger - token: 6 is a digit, adding to stack
2025-05-07 04:31:43 DEBUG PostfixToInfixLogger - stack after pushing token: 6 -> (10 + 5) -> null
2025-05-07 04:31:43 DEBUG PostfixToInfixLogger - token: 2 is not a operator
2025-05-07 04:31:43 DEBUG PostfixToInfixLogger - token: 2 is a digit, adding to stack
2025-05-07 04:31:43 DEBUG PostfixToInfixLogger - stack after pushing token: 2 -> 6 -> (10 + 5) -> null
2025-05-07 04:31:43 DEBUG PostfixToInfixLogger - token: / is a operator
2025-05-07 04:31:43 DEBUG PostfixToInfixLogger - removing first number from stack
2025-05-07 04:31:43 DEBUG PostfixToInfixLogger - stack after removing first number: 6 -> (10 + 5) -> null
2025-05-07 04:31:43 DEBUG PostfixToInfixLogger - removing second number from stack
2025-05-07 04:31:43 DEBUG PostfixToInfixLogger - stack after removing second number: (10 + 5) -> null
2025-05-07 04:31:43 INFO  PostfixToInfixLogger - Removed 6 and 2 from the stack. Calculating result for: 6 / 2
2025-05-07 04:31:43 INFO  PostfixToInfixLogger - Calculated result: '6 / 2' = (6 / 2)
2025-05-07 04:31:43 DEBUG PostfixToInfixLogger - adding result: (6 / 2) to stack
2025-05-07 04:31:43 DEBUG PostfixToInfixLogger - stack after pushing result: (6 / 2) -> (10 + 5) -> null
2025-05-07 04:31:43 DEBUG PostfixToInfixLogger - token: - is a operator
2025-05-07 04:31:43 DEBUG PostfixToInfixLogger - removing first number from stack
2025-05-07 04:31:43 DEBUG PostfixToInfixLogger - stack after removing first number: (10 + 5) -> null
2025-05-07 04:31:43 DEBUG PostfixToInfixLogger - removing second number from stack
2025-05-07 04:31:43 DEBUG PostfixToInfixLogger - stack after removing second number: Stack is empty.
2025-05-07 04:31:43 INFO  PostfixToInfixLogger - Removed (10 + 5) and (6 / 2) from the stack. Calculating result for: (10 + 5) - (6 / 2)
2025-05-07 04:31:43 INFO  PostfixToInfixLogger - Calculated result: '(10 + 5) - (6 / 2)' = ((10 + 5) - (6 / 2))
2025-05-07 04:31:43 DEBUG PostfixToInfixLogger - adding result: ((10 + 5) - (6 / 2)) to stack
2025-05-07 04:31:43 DEBUG PostfixToInfixLogger - stack after pushing result: ((10 + 5) - (6 / 2)) -> null
2025-05-07 04:31:43 INFO  PostfixToInfixLogger - Final result: ((10 + 5) - (6 / 2))
2025-05-07 04:31:43 DEBUG PostfixToInfixLogger - --------------------------------------------------
2025-05-07 04:32:15 INFO  PostfixToInfixLogger - Start conversion of PostFix-Notation to Infix-Notation for: 4 2 + 3 1 - * 5 /
2025-05-07 04:32:15 DEBUG PostfixToInfixLogger - token: 4 is not a operator
2025-05-07 04:32:15 DEBUG PostfixToInfixLogger - token: 4 is a digit, adding to stack
2025-05-07 04:32:15 DEBUG PostfixToInfixLogger - stack after pushing token: 4 -> null
2025-05-07 04:32:15 DEBUG PostfixToInfixLogger - token: 2 is not a operator
2025-05-07 04:32:15 DEBUG PostfixToInfixLogger - token: 2 is a digit, adding to stack
2025-05-07 04:32:15 DEBUG PostfixToInfixLogger - stack after pushing token: 2 -> 4 -> null
2025-05-07 04:32:15 DEBUG PostfixToInfixLogger - token: + is a operator
2025-05-07 04:32:15 DEBUG PostfixToInfixLogger - removing first number from stack
2025-05-07 04:32:15 DEBUG PostfixToInfixLogger - stack after removing first number: 4 -> null
2025-05-07 04:32:15 DEBUG PostfixToInfixLogger - removing second number from stack
2025-05-07 04:32:15 DEBUG PostfixToInfixLogger - stack after removing second number: Stack is empty.
2025-05-07 04:32:15 INFO  PostfixToInfixLogger - Removed 4 and 2 from the stack. Calculating result for: 4 + 2
2025-05-07 04:32:15 INFO  PostfixToInfixLogger - Calculated result: '4 + 2' = (4 + 2)
2025-05-07 04:32:15 DEBUG PostfixToInfixLogger - adding result: (4 + 2) to stack
2025-05-07 04:32:15 DEBUG PostfixToInfixLogger - stack after pushing result: (4 + 2) -> null
2025-05-07 04:32:15 DEBUG PostfixToInfixLogger - token: 3 is not a operator
2025-05-07 04:32:15 DEBUG PostfixToInfixLogger - token: 3 is a digit, adding to stack
2025-05-07 04:32:15 DEBUG PostfixToInfixLogger - stack after pushing token: 3 -> (4 + 2) -> null
2025-05-07 04:32:15 DEBUG PostfixToInfixLogger - token: 1 is not a operator
2025-05-07 04:32:15 DEBUG PostfixToInfixLogger - token: 1 is a digit, adding to stack
2025-05-07 04:32:15 DEBUG PostfixToInfixLogger - stack after pushing token: 1 -> 3 -> (4 + 2) -> null
2025-05-07 04:32:15 DEBUG PostfixToInfixLogger - token: - is a operator
2025-05-07 04:32:15 DEBUG PostfixToInfixLogger - removing first number from stack
2025-05-07 04:32:15 DEBUG PostfixToInfixLogger - stack after removing first number: 3 -> (4 + 2) -> null
2025-05-07 04:32:15 DEBUG PostfixToInfixLogger - removing second number from stack
2025-05-07 04:32:15 DEBUG PostfixToInfixLogger - stack after removing second number: (4 + 2) -> null
2025-05-07 04:32:15 INFO  PostfixToInfixLogger - Removed 3 and 1 from the stack. Calculating result for: 3 - 1
2025-05-07 04:32:15 INFO  PostfixToInfixLogger - Calculated result: '3 - 1' = (3 - 1)
2025-05-07 04:32:15 DEBUG PostfixToInfixLogger - adding result: (3 - 1) to stack
2025-05-07 04:32:15 DEBUG PostfixToInfixLogger - stack after pushing result: (3 - 1) -> (4 + 2) -> null
2025-05-07 04:32:15 DEBUG PostfixToInfixLogger - token: * is a operator
2025-05-07 04:32:15 DEBUG PostfixToInfixLogger - removing first number from stack
2025-05-07 04:32:15 DEBUG PostfixToInfixLogger - stack after removing first number: (4 + 2) -> null
2025-05-07 04:32:15 DEBUG PostfixToInfixLogger - removing second number from stack
2025-05-07 04:32:15 DEBUG PostfixToInfixLogger - stack after removing second number: Stack is empty.
2025-05-07 04:32:15 INFO  PostfixToInfixLogger - Removed (4 + 2) and (3 - 1) from the stack. Calculating result for: (4 + 2) * (3 - 1)
2025-05-07 04:32:15 INFO  PostfixToInfixLogger - Calculated result: '(4 + 2) * (3 - 1)' = ((4 + 2) * (3 - 1))
2025-05-07 04:32:15 DEBUG PostfixToInfixLogger - adding result: ((4 + 2) * (3 - 1)) to stack
2025-05-07 04:32:15 DEBUG PostfixToInfixLogger - stack after pushing result: ((4 + 2) * (3 - 1)) -> null
2025-05-07 04:32:15 DEBUG PostfixToInfixLogger - token: 5 is not a operator
2025-05-07 04:32:15 DEBUG PostfixToInfixLogger - token: 5 is a digit, adding to stack
2025-05-07 04:32:15 DEBUG PostfixToInfixLogger - stack after pushing token: 5 -> ((4 + 2) * (3 - 1)) -> null
2025-05-07 04:32:15 DEBUG PostfixToInfixLogger - token: / is a operator
2025-05-07 04:32:15 DEBUG PostfixToInfixLogger - removing first number from stack
2025-05-07 04:32:15 DEBUG PostfixToInfixLogger - stack after removing first number: ((4 + 2) * (3 - 1)) -> null
2025-05-07 04:32:15 DEBUG PostfixToInfixLogger - removing second number from stack
2025-05-07 04:32:15 DEBUG PostfixToInfixLogger - stack after removing second number: Stack is empty.
2025-05-07 04:32:15 INFO  PostfixToInfixLogger - Removed ((4 + 2) * (3 - 1)) and 5 from the stack. Calculating result for: ((4 + 2) * (3 - 1)) / 5
2025-05-07 04:32:15 INFO  PostfixToInfixLogger - Calculated result: '((4 + 2) * (3 - 1)) / 5' = (((4 + 2) * (3 - 1)) / 5)
2025-05-07 04:32:15 DEBUG PostfixToInfixLogger - adding result: (((4 + 2) * (3 - 1)) / 5) to stack
2025-05-07 04:32:15 DEBUG PostfixToInfixLogger - stack after pushing result: (((4 + 2) * (3 - 1)) / 5) -> null
2025-05-07 04:32:15 INFO  PostfixToInfixLogger - Final result: (((4 + 2) * (3 - 1)) / 5)
2025-05-07 04:32:15 DEBUG PostfixToInfixLogger - --------------------------------------------------
2025-05-07 04:32:38 INFO  PostfixToInfixLogger - Start conversion of PostFix-Notation to Infix-Notation for: 8 3 2 * + 4 -
2025-05-07 04:32:38 DEBUG PostfixToInfixLogger - token: 8 is not a operator
2025-05-07 04:32:38 DEBUG PostfixToInfixLogger - token: 8 is a digit, adding to stack
2025-05-07 04:32:38 DEBUG PostfixToInfixLogger - stack after pushing token: 8 -> null
2025-05-07 04:32:38 DEBUG PostfixToInfixLogger - token: 3 is not a operator
2025-05-07 04:32:38 DEBUG PostfixToInfixLogger - token: 3 is a digit, adding to stack
2025-05-07 04:32:38 DEBUG PostfixToInfixLogger - stack after pushing token: 3 -> 8 -> null
2025-05-07 04:32:38 DEBUG PostfixToInfixLogger - token: 2 is not a operator
2025-05-07 04:32:38 DEBUG PostfixToInfixLogger - token: 2 is a digit, adding to stack
2025-05-07 04:32:38 DEBUG PostfixToInfixLogger - stack after pushing token: 2 -> 3 -> 8 -> null
2025-05-07 04:32:38 DEBUG PostfixToInfixLogger - token: * is a operator
2025-05-07 04:32:38 DEBUG PostfixToInfixLogger - removing first number from stack
2025-05-07 04:32:38 DEBUG PostfixToInfixLogger - stack after removing first number: 3 -> 8 -> null
2025-05-07 04:32:38 DEBUG PostfixToInfixLogger - removing second number from stack
2025-05-07 04:32:38 DEBUG PostfixToInfixLogger - stack after removing second number: 8 -> null
2025-05-07 04:32:38 INFO  PostfixToInfixLogger - Removed 3 and 2 from the stack. Calculating result for: 3 * 2
2025-05-07 04:32:38 INFO  PostfixToInfixLogger - Calculated result: '3 * 2' = (3 * 2)
2025-05-07 04:32:38 DEBUG PostfixToInfixLogger - adding result: (3 * 2) to stack
2025-05-07 04:32:38 DEBUG PostfixToInfixLogger - stack after pushing result: (3 * 2) -> 8 -> null
2025-05-07 04:32:38 DEBUG PostfixToInfixLogger - token: + is a operator
2025-05-07 04:32:38 DEBUG PostfixToInfixLogger - removing first number from stack
2025-05-07 04:32:38 DEBUG PostfixToInfixLogger - stack after removing first number: 8 -> null
2025-05-07 04:32:38 DEBUG PostfixToInfixLogger - removing second number from stack
2025-05-07 04:32:38 DEBUG PostfixToInfixLogger - stack after removing second number: Stack is empty.
2025-05-07 04:32:38 INFO  PostfixToInfixLogger - Removed 8 and (3 * 2) from the stack. Calculating result for: 8 + (3 * 2)
2025-05-07 04:32:38 INFO  PostfixToInfixLogger - Calculated result: '8 + (3 * 2)' = (8 + (3 * 2))
2025-05-07 04:32:38 DEBUG PostfixToInfixLogger - adding result: (8 + (3 * 2)) to stack
2025-05-07 04:32:38 DEBUG PostfixToInfixLogger - stack after pushing result: (8 + (3 * 2)) -> null
2025-05-07 04:32:38 DEBUG PostfixToInfixLogger - token: 4 is not a operator
2025-05-07 04:32:38 DEBUG PostfixToInfixLogger - token: 4 is a digit, adding to stack
2025-05-07 04:32:38 DEBUG PostfixToInfixLogger - stack after pushing token: 4 -> (8 + (3 * 2)) -> null
2025-05-07 04:32:38 DEBUG PostfixToInfixLogger - token: - is a operator
2025-05-07 04:32:38 DEBUG PostfixToInfixLogger - removing first number from stack
2025-05-07 04:32:38 DEBUG PostfixToInfixLogger - stack after removing first number: (8 + (3 * 2)) -> null
2025-05-07 04:32:38 DEBUG PostfixToInfixLogger - removing second number from stack
2025-05-07 04:32:38 DEBUG PostfixToInfixLogger - stack after removing second number: Stack is empty.
2025-05-07 04:32:38 INFO  PostfixToInfixLogger - Removed (8 + (3 * 2)) and 4 from the stack. Calculating result for: (8 + (3 * 2)) - 4
2025-05-07 04:32:38 INFO  PostfixToInfixLogger - Calculated result: '(8 + (3 * 2)) - 4' = ((8 + (3 * 2)) - 4)
2025-05-07 04:32:38 DEBUG PostfixToInfixLogger - adding result: ((8 + (3 * 2)) - 4) to stack
2025-05-07 04:32:38 DEBUG PostfixToInfixLogger - stack after pushing result: ((8 + (3 * 2)) - 4) -> null
2025-05-07 04:32:38 INFO  PostfixToInfixLogger - Final result: ((8 + (3 * 2)) - 4)
2025-05-07 04:32:38 DEBUG PostfixToInfixLogger - --------------------------------------------------
2025-05-07 04:32:58 INFO  PostfixToInfixLogger - Start conversion of PostFix-Notation to Infix-Notation for: 6 2 1 + * 3 4 + /
2025-05-07 04:32:58 DEBUG PostfixToInfixLogger - token: 6 is not a operator
2025-05-07 04:32:58 DEBUG PostfixToInfixLogger - token: 6 is a digit, adding to stack
2025-05-07 04:32:58 DEBUG PostfixToInfixLogger - stack after pushing token: 6 -> null
2025-05-07 04:32:58 DEBUG PostfixToInfixLogger - token: 2 is not a operator
2025-05-07 04:32:58 DEBUG PostfixToInfixLogger - token: 2 is a digit, adding to stack
2025-05-07 04:32:58 DEBUG PostfixToInfixLogger - stack after pushing token: 2 -> 6 -> null
2025-05-07 04:32:58 DEBUG PostfixToInfixLogger - token: 1 is not a operator
2025-05-07 04:32:58 DEBUG PostfixToInfixLogger - token: 1 is a digit, adding to stack
2025-05-07 04:32:58 DEBUG PostfixToInfixLogger - stack after pushing token: 1 -> 2 -> 6 -> null
2025-05-07 04:32:58 DEBUG PostfixToInfixLogger - token: + is a operator
2025-05-07 04:32:58 DEBUG PostfixToInfixLogger - removing first number from stack
2025-05-07 04:32:58 DEBUG PostfixToInfixLogger - stack after removing first number: 2 -> 6 -> null
2025-05-07 04:32:58 DEBUG PostfixToInfixLogger - removing second number from stack
2025-05-07 04:32:58 DEBUG PostfixToInfixLogger - stack after removing second number: 6 -> null
2025-05-07 04:32:58 INFO  PostfixToInfixLogger - Removed 2 and 1 from the stack. Calculating result for: 2 + 1
2025-05-07 04:32:58 INFO  PostfixToInfixLogger - Calculated result: '2 + 1' = (2 + 1)
2025-05-07 04:32:58 DEBUG PostfixToInfixLogger - adding result: (2 + 1) to stack
2025-05-07 04:32:58 DEBUG PostfixToInfixLogger - stack after pushing result: (2 + 1) -> 6 -> null
2025-05-07 04:32:58 DEBUG PostfixToInfixLogger - token: * is a operator
2025-05-07 04:32:58 DEBUG PostfixToInfixLogger - removing first number from stack
2025-05-07 04:32:58 DEBUG PostfixToInfixLogger - stack after removing first number: 6 -> null
2025-05-07 04:32:58 DEBUG PostfixToInfixLogger - removing second number from stack
2025-05-07 04:32:58 DEBUG PostfixToInfixLogger - stack after removing second number: Stack is empty.
2025-05-07 04:32:58 INFO  PostfixToInfixLogger - Removed 6 and (2 + 1) from the stack. Calculating result for: 6 * (2 + 1)
2025-05-07 04:32:58 INFO  PostfixToInfixLogger - Calculated result: '6 * (2 + 1)' = (6 * (2 + 1))
2025-05-07 04:32:58 DEBUG PostfixToInfixLogger - adding result: (6 * (2 + 1)) to stack
2025-05-07 04:32:58 DEBUG PostfixToInfixLogger - stack after pushing result: (6 * (2 + 1)) -> null
2025-05-07 04:32:58 DEBUG PostfixToInfixLogger - token: 3 is not a operator
2025-05-07 04:32:58 DEBUG PostfixToInfixLogger - token: 3 is a digit, adding to stack
2025-05-07 04:32:58 DEBUG PostfixToInfixLogger - stack after pushing token: 3 -> (6 * (2 + 1)) -> null
2025-05-07 04:32:58 DEBUG PostfixToInfixLogger - token: 4 is not a operator
2025-05-07 04:32:58 DEBUG PostfixToInfixLogger - token: 4 is a digit, adding to stack
2025-05-07 04:32:58 DEBUG PostfixToInfixLogger - stack after pushing token: 4 -> 3 -> (6 * (2 + 1)) -> null
2025-05-07 04:32:58 DEBUG PostfixToInfixLogger - token: + is a operator
2025-05-07 04:32:58 DEBUG PostfixToInfixLogger - removing first number from stack
2025-05-07 04:32:58 DEBUG PostfixToInfixLogger - stack after removing first number: 3 -> (6 * (2 + 1)) -> null
2025-05-07 04:32:58 DEBUG PostfixToInfixLogger - removing second number from stack
2025-05-07 04:32:58 DEBUG PostfixToInfixLogger - stack after removing second number: (6 * (2 + 1)) -> null
2025-05-07 04:32:58 INFO  PostfixToInfixLogger - Removed 3 and 4 from the stack. Calculating result for: 3 + 4
2025-05-07 04:32:58 INFO  PostfixToInfixLogger - Calculated result: '3 + 4' = (3 + 4)
2025-05-07 04:32:58 DEBUG PostfixToInfixLogger - adding result: (3 + 4) to stack
2025-05-07 04:32:58 DEBUG PostfixToInfixLogger - stack after pushing result: (3 + 4) -> (6 * (2 + 1)) -> null
2025-05-07 04:32:58 DEBUG PostfixToInfixLogger - token: / is a operator
2025-05-07 04:32:58 DEBUG PostfixToInfixLogger - removing first number from stack
2025-05-07 04:32:58 DEBUG PostfixToInfixLogger - stack after removing first number: (6 * (2 + 1)) -> null
2025-05-07 04:32:58 DEBUG PostfixToInfixLogger - removing second number from stack
2025-05-07 04:32:58 DEBUG PostfixToInfixLogger - stack after removing second number: Stack is empty.
2025-05-07 04:32:58 INFO  PostfixToInfixLogger - Removed (6 * (2 + 1)) and (3 + 4) from the stack. Calculating result for: (6 * (2 + 1)) / (3 + 4)
2025-05-07 04:32:58 INFO  PostfixToInfixLogger - Calculated result: '(6 * (2 + 1)) / (3 + 4)' = ((6 * (2 + 1)) / (3 + 4))
2025-05-07 04:32:58 DEBUG PostfixToInfixLogger - adding result: ((6 * (2 + 1)) / (3 + 4)) to stack
2025-05-07 04:32:58 DEBUG PostfixToInfixLogger - stack after pushing result: ((6 * (2 + 1)) / (3 + 4)) -> null
2025-05-07 04:32:58 INFO  PostfixToInfixLogger - Final result: ((6 * (2 + 1)) / (3 + 4))
2025-05-07 04:32:58 DEBUG PostfixToInfixLogger - --------------------------------------------------
2025-05-07 04:33:58 INFO  PostfixToInfixLogger - Start conversion of PostFix-Notation to Infix-Notation for: 5 3 + 8 2 - * 4 6 + 2 / - 7 3 + *
2025-05-07 04:33:58 DEBUG PostfixToInfixLogger - token: 5 is not a operator
2025-05-07 04:33:58 DEBUG PostfixToInfixLogger - token: 5 is a digit, adding to stack
2025-05-07 04:33:58 DEBUG PostfixToInfixLogger - stack after pushing token: 5 -> null
2025-05-07 04:33:58 DEBUG PostfixToInfixLogger - token: 3 is not a operator
2025-05-07 04:33:58 DEBUG PostfixToInfixLogger - token: 3 is a digit, adding to stack
2025-05-07 04:33:58 DEBUG PostfixToInfixLogger - stack after pushing token: 3 -> 5 -> null
2025-05-07 04:33:58 DEBUG PostfixToInfixLogger - token: + is a operator
2025-05-07 04:33:58 DEBUG PostfixToInfixLogger - removing first number from stack
2025-05-07 04:33:58 DEBUG PostfixToInfixLogger - stack after removing first number: 5 -> null
2025-05-07 04:33:58 DEBUG PostfixToInfixLogger - removing second number from stack
2025-05-07 04:33:58 DEBUG PostfixToInfixLogger - stack after removing second number: Stack is empty.
2025-05-07 04:33:58 INFO  PostfixToInfixLogger - Removed 5 and 3 from the stack. Calculating result for: 5 + 3
2025-05-07 04:33:58 INFO  PostfixToInfixLogger - Calculated result: '5 + 3' = (5 + 3)
2025-05-07 04:33:58 DEBUG PostfixToInfixLogger - adding result: (5 + 3) to stack
2025-05-07 04:33:58 DEBUG PostfixToInfixLogger - stack after pushing result: (5 + 3) -> null
2025-05-07 04:33:58 DEBUG PostfixToInfixLogger - token: 8 is not a operator
2025-05-07 04:33:58 DEBUG PostfixToInfixLogger - token: 8 is a digit, adding to stack
2025-05-07 04:33:58 DEBUG PostfixToInfixLogger - stack after pushing token: 8 -> (5 + 3) -> null
2025-05-07 04:33:58 DEBUG PostfixToInfixLogger - token: 2 is not a operator
2025-05-07 04:33:58 DEBUG PostfixToInfixLogger - token: 2 is a digit, adding to stack
2025-05-07 04:33:58 DEBUG PostfixToInfixLogger - stack after pushing token: 2 -> 8 -> (5 + 3) -> null
2025-05-07 04:33:58 DEBUG PostfixToInfixLogger - token: - is a operator
2025-05-07 04:33:58 DEBUG PostfixToInfixLogger - removing first number from stack
2025-05-07 04:33:58 DEBUG PostfixToInfixLogger - stack after removing first number: 8 -> (5 + 3) -> null
2025-05-07 04:33:58 DEBUG PostfixToInfixLogger - removing second number from stack
2025-05-07 04:33:58 DEBUG PostfixToInfixLogger - stack after removing second number: (5 + 3) -> null
2025-05-07 04:33:58 INFO  PostfixToInfixLogger - Removed 8 and 2 from the stack. Calculating result for: 8 - 2
2025-05-07 04:33:58 INFO  PostfixToInfixLogger - Calculated result: '8 - 2' = (8 - 2)
2025-05-07 04:33:58 DEBUG PostfixToInfixLogger - adding result: (8 - 2) to stack
2025-05-07 04:33:58 DEBUG PostfixToInfixLogger - stack after pushing result: (8 - 2) -> (5 + 3) -> null
2025-05-07 04:33:58 DEBUG PostfixToInfixLogger - token: * is a operator
2025-05-07 04:33:58 DEBUG PostfixToInfixLogger - removing first number from stack
2025-05-07 04:33:58 DEBUG PostfixToInfixLogger - stack after removing first number: (5 + 3) -> null
2025-05-07 04:33:58 DEBUG PostfixToInfixLogger - removing second number from stack
2025-05-07 04:33:58 DEBUG PostfixToInfixLogger - stack after removing second number: Stack is empty.
2025-05-07 04:33:58 INFO  PostfixToInfixLogger - Removed (5 + 3) and (8 - 2) from the stack. Calculating result for: (5 + 3) * (8 - 2)
2025-05-07 04:33:58 INFO  PostfixToInfixLogger - Calculated result: '(5 + 3) * (8 - 2)' = ((5 + 3) * (8 - 2))
2025-05-07 04:33:58 DEBUG PostfixToInfixLogger - adding result: ((5 + 3) * (8 - 2)) to stack
2025-05-07 04:33:58 DEBUG PostfixToInfixLogger - stack after pushing result: ((5 + 3) * (8 - 2)) -> null
2025-05-07 04:33:58 DEBUG PostfixToInfixLogger - token: 4 is not a operator
2025-05-07 04:33:58 DEBUG PostfixToInfixLogger - token: 4 is a digit, adding to stack
2025-05-07 04:33:58 DEBUG PostfixToInfixLogger - stack after pushing token: 4 -> ((5 + 3) * (8 - 2)) -> null
2025-05-07 04:33:58 DEBUG PostfixToInfixLogger - token: 6 is not a operator
2025-05-07 04:33:58 DEBUG PostfixToInfixLogger - token: 6 is a digit, adding to stack
2025-05-07 04:33:58 DEBUG PostfixToInfixLogger - stack after pushing token: 6 -> 4 -> ((5 + 3) * (8 - 2)) -> null
2025-05-07 04:33:58 DEBUG PostfixToInfixLogger - token: + is a operator
2025-05-07 04:33:58 DEBUG PostfixToInfixLogger - removing first number from stack
2025-05-07 04:33:58 DEBUG PostfixToInfixLogger - stack after removing first number: 4 -> ((5 + 3) * (8 - 2)) -> null
2025-05-07 04:33:58 DEBUG PostfixToInfixLogger - removing second number from stack
2025-05-07 04:33:58 DEBUG PostfixToInfixLogger - stack after removing second number: ((5 + 3) * (8 - 2)) -> null
2025-05-07 04:33:58 INFO  PostfixToInfixLogger - Removed 4 and 6 from the stack. Calculating result for: 4 + 6
2025-05-07 04:33:58 INFO  PostfixToInfixLogger - Calculated result: '4 + 6' = (4 + 6)
2025-05-07 04:33:58 DEBUG PostfixToInfixLogger - adding result: (4 + 6) to stack
2025-05-07 04:33:58 DEBUG PostfixToInfixLogger - stack after pushing result: (4 + 6) -> ((5 + 3) * (8 - 2)) -> null
2025-05-07 04:33:58 DEBUG PostfixToInfixLogger - token: 2 is not a operator
2025-05-07 04:33:58 DEBUG PostfixToInfixLogger - token: 2 is a digit, adding to stack
2025-05-07 04:33:58 DEBUG PostfixToInfixLogger - stack after pushing token: 2 -> (4 + 6) -> ((5 + 3) * (8 - 2)) -> null
2025-05-07 04:33:58 DEBUG PostfixToInfixLogger - token: / is a operator
2025-05-07 04:33:58 DEBUG PostfixToInfixLogger - removing first number from stack
2025-05-07 04:33:58 DEBUG PostfixToInfixLogger - stack after removing first number: (4 + 6) -> ((5 + 3) * (8 - 2)) -> null
2025-05-07 04:33:58 DEBUG PostfixToInfixLogger - removing second number from stack
2025-05-07 04:33:58 DEBUG PostfixToInfixLogger - stack after removing second number: ((5 + 3) * (8 - 2)) -> null
2025-05-07 04:33:58 INFO  PostfixToInfixLogger - Removed (4 + 6) and 2 from the stack. Calculating result for: (4 + 6) / 2
2025-05-07 04:33:58 INFO  PostfixToInfixLogger - Calculated result: '(4 + 6) / 2' = ((4 + 6) / 2)
2025-05-07 04:33:58 DEBUG PostfixToInfixLogger - adding result: ((4 + 6) / 2) to stack
2025-05-07 04:33:58 DEBUG PostfixToInfixLogger - stack after pushing result: ((4 + 6) / 2) -> ((5 + 3) * (8 - 2)) -> null
2025-05-07 04:33:58 DEBUG PostfixToInfixLogger - token: - is a operator
2025-05-07 04:33:58 DEBUG PostfixToInfixLogger - removing first number from stack
2025-05-07 04:33:58 DEBUG PostfixToInfixLogger - stack after removing first number: ((5 + 3) * (8 - 2)) -> null
2025-05-07 04:33:58 DEBUG PostfixToInfixLogger - removing second number from stack
2025-05-07 04:33:58 DEBUG PostfixToInfixLogger - stack after removing second number: Stack is empty.
2025-05-07 04:33:58 INFO  PostfixToInfixLogger - Removed ((5 + 3) * (8 - 2)) and ((4 + 6) / 2) from the stack. Calculating result for: ((5 + 3) * (8 - 2)) - ((4 + 6) / 2)
2025-05-07 04:33:58 INFO  PostfixToInfixLogger - Calculated result: '((5 + 3) * (8 - 2)) - ((4 + 6) / 2)' = (((5 + 3) * (8 - 2)) - ((4 + 6) / 2))
2025-05-07 04:33:58 DEBUG PostfixToInfixLogger - adding result: (((5 + 3) * (8 - 2)) - ((4 + 6) / 2)) to stack
2025-05-07 04:33:58 DEBUG PostfixToInfixLogger - stack after pushing result: (((5 + 3) * (8 - 2)) - ((4 + 6) / 2)) -> null
2025-05-07 04:33:58 DEBUG PostfixToInfixLogger - token: 7 is not a operator
2025-05-07 04:33:58 DEBUG PostfixToInfixLogger - token: 7 is a digit, adding to stack
2025-05-07 04:33:58 DEBUG PostfixToInfixLogger - stack after pushing token: 7 -> (((5 + 3) * (8 - 2)) - ((4 + 6) / 2)) -> null
2025-05-07 04:33:58 DEBUG PostfixToInfixLogger - token: 3 is not a operator
2025-05-07 04:33:58 DEBUG PostfixToInfixLogger - token: 3 is a digit, adding to stack
2025-05-07 04:33:58 DEBUG PostfixToInfixLogger - stack after pushing token: 3 -> 7 -> (((5 + 3) * (8 - 2)) - ((4 + 6) / 2)) -> null
2025-05-07 04:33:58 DEBUG PostfixToInfixLogger - token: + is a operator
2025-05-07 04:33:58 DEBUG PostfixToInfixLogger - removing first number from stack
2025-05-07 04:33:58 DEBUG PostfixToInfixLogger - stack after removing first number: 7 -> (((5 + 3) * (8 - 2)) - ((4 + 6) / 2)) -> null
2025-05-07 04:33:58 DEBUG PostfixToInfixLogger - removing second number from stack
2025-05-07 04:33:58 DEBUG PostfixToInfixLogger - stack after removing second number: (((5 + 3) * (8 - 2)) - ((4 + 6) / 2)) -> null
2025-05-07 04:33:58 INFO  PostfixToInfixLogger - Removed 7 and 3 from the stack. Calculating result for: 7 + 3
2025-05-07 04:33:58 INFO  PostfixToInfixLogger - Calculated result: '7 + 3' = (7 + 3)
2025-05-07 04:33:58 DEBUG PostfixToInfixLogger - adding result: (7 + 3) to stack
2025-05-07 04:33:58 DEBUG PostfixToInfixLogger - stack after pushing result: (7 + 3) -> (((5 + 3) * (8 - 2)) - ((4 + 6) / 2)) -> null
2025-05-07 04:33:58 DEBUG PostfixToInfixLogger - token: * is a operator
2025-05-07 04:33:58 DEBUG PostfixToInfixLogger - removing first number from stack
2025-05-07 04:33:58 DEBUG PostfixToInfixLogger - stack after removing first number: (((5 + 3) * (8 - 2)) - ((4 + 6) / 2)) -> null
2025-05-07 04:33:58 DEBUG PostfixToInfixLogger - removing second number from stack
2025-05-07 04:33:58 DEBUG PostfixToInfixLogger - stack after removing second number: Stack is empty.
2025-05-07 04:33:58 INFO  PostfixToInfixLogger - Removed (((5 + 3) * (8 - 2)) - ((4 + 6) / 2)) and (7 + 3) from the stack. Calculating result for: (((5 + 3) * (8 - 2)) - ((4 + 6) / 2)) * (7 + 3)
2025-05-07 04:33:58 INFO  PostfixToInfixLogger - Calculated result: '(((5 + 3) * (8 - 2)) - ((4 + 6) / 2)) * (7 + 3)' = ((((5 + 3) * (8 - 2)) - ((4 + 6) / 2)) * (7 + 3))
2025-05-07 04:33:58 DEBUG PostfixToInfixLogger - adding result: ((((5 + 3) * (8 - 2)) - ((4 + 6) / 2)) * (7 + 3)) to stack
2025-05-07 04:33:58 DEBUG PostfixToInfixLogger - stack after pushing result: ((((5 + 3) * (8 - 2)) - ((4 + 6) / 2)) * (7 + 3)) -> null
2025-05-07 04:33:58 INFO  PostfixToInfixLogger - Final result: ((((5 + 3) * (8 - 2)) - ((4 + 6) / 2)) * (7 + 3))
2025-05-07 04:33:58 DEBUG PostfixToInfixLogger - --------------------------------------------------
2025-05-07 04:34:38 INFO  PostfixToInfixLogger - Start conversion of PostFix-Notation to Infix-Notation for: 9 4 2 + 6 * + 5 3 - 2 / - 8 2 1 + / + 
2025-05-07 04:34:38 DEBUG PostfixToInfixLogger - token: 9 is not a operator
2025-05-07 04:34:38 DEBUG PostfixToInfixLogger - token: 9 is a digit, adding to stack
2025-05-07 04:34:38 DEBUG PostfixToInfixLogger - stack after pushing token: 9 -> null
2025-05-07 04:34:38 DEBUG PostfixToInfixLogger - token: 4 is not a operator
2025-05-07 04:34:38 DEBUG PostfixToInfixLogger - token: 4 is a digit, adding to stack
2025-05-07 04:34:38 DEBUG PostfixToInfixLogger - stack after pushing token: 4 -> 9 -> null
2025-05-07 04:34:38 DEBUG PostfixToInfixLogger - token: 2 is not a operator
2025-05-07 04:34:38 DEBUG PostfixToInfixLogger - token: 2 is a digit, adding to stack
2025-05-07 04:34:38 DEBUG PostfixToInfixLogger - stack after pushing token: 2 -> 4 -> 9 -> null
2025-05-07 04:34:38 DEBUG PostfixToInfixLogger - token: + is a operator
2025-05-07 04:34:38 DEBUG PostfixToInfixLogger - removing first number from stack
2025-05-07 04:34:38 DEBUG PostfixToInfixLogger - stack after removing first number: 4 -> 9 -> null
2025-05-07 04:34:38 DEBUG PostfixToInfixLogger - removing second number from stack
2025-05-07 04:34:38 DEBUG PostfixToInfixLogger - stack after removing second number: 9 -> null
2025-05-07 04:34:38 INFO  PostfixToInfixLogger - Removed 4 and 2 from the stack. Calculating result for: 4 + 2
2025-05-07 04:34:38 INFO  PostfixToInfixLogger - Calculated result: '4 + 2' = (4 + 2)
2025-05-07 04:34:38 DEBUG PostfixToInfixLogger - adding result: (4 + 2) to stack
2025-05-07 04:34:38 DEBUG PostfixToInfixLogger - stack after pushing result: (4 + 2) -> 9 -> null
2025-05-07 04:34:38 DEBUG PostfixToInfixLogger - token: 6 is not a operator
2025-05-07 04:34:38 DEBUG PostfixToInfixLogger - token: 6 is a digit, adding to stack
2025-05-07 04:34:38 DEBUG PostfixToInfixLogger - stack after pushing token: 6 -> (4 + 2) -> 9 -> null
2025-05-07 04:34:38 DEBUG PostfixToInfixLogger - token: * is a operator
2025-05-07 04:34:38 DEBUG PostfixToInfixLogger - removing first number from stack
2025-05-07 04:34:38 DEBUG PostfixToInfixLogger - stack after removing first number: (4 + 2) -> 9 -> null
2025-05-07 04:34:38 DEBUG PostfixToInfixLogger - removing second number from stack
2025-05-07 04:34:38 DEBUG PostfixToInfixLogger - stack after removing second number: 9 -> null
2025-05-07 04:34:38 INFO  PostfixToInfixLogger - Removed (4 + 2) and 6 from the stack. Calculating result for: (4 + 2) * 6
2025-05-07 04:34:38 INFO  PostfixToInfixLogger - Calculated result: '(4 + 2) * 6' = ((4 + 2) * 6)
2025-05-07 04:34:38 DEBUG PostfixToInfixLogger - adding result: ((4 + 2) * 6) to stack
2025-05-07 04:34:38 DEBUG PostfixToInfixLogger - stack after pushing result: ((4 + 2) * 6) -> 9 -> null
2025-05-07 04:34:38 DEBUG PostfixToInfixLogger - token: + is a operator
2025-05-07 04:34:38 DEBUG PostfixToInfixLogger - removing first number from stack
2025-05-07 04:34:38 DEBUG PostfixToInfixLogger - stack after removing first number: 9 -> null
2025-05-07 04:34:38 DEBUG PostfixToInfixLogger - removing second number from stack
2025-05-07 04:34:38 DEBUG PostfixToInfixLogger - stack after removing second number: Stack is empty.
2025-05-07 04:34:38 INFO  PostfixToInfixLogger - Removed 9 and ((4 + 2) * 6) from the stack. Calculating result for: 9 + ((4 + 2) * 6)
2025-05-07 04:34:38 INFO  PostfixToInfixLogger - Calculated result: '9 + ((4 + 2) * 6)' = (9 + ((4 + 2) * 6))
2025-05-07 04:34:38 DEBUG PostfixToInfixLogger - adding result: (9 + ((4 + 2) * 6)) to stack
2025-05-07 04:34:38 DEBUG PostfixToInfixLogger - stack after pushing result: (9 + ((4 + 2) * 6)) -> null
2025-05-07 04:34:38 DEBUG PostfixToInfixLogger - token: 5 is not a operator
2025-05-07 04:34:38 DEBUG PostfixToInfixLogger - token: 5 is a digit, adding to stack
2025-05-07 04:34:38 DEBUG PostfixToInfixLogger - stack after pushing token: 5 -> (9 + ((4 + 2) * 6)) -> null
2025-05-07 04:34:38 DEBUG PostfixToInfixLogger - token: 3 is not a operator
2025-05-07 04:34:38 DEBUG PostfixToInfixLogger - token: 3 is a digit, adding to stack
2025-05-07 04:34:38 DEBUG PostfixToInfixLogger - stack after pushing token: 3 -> 5 -> (9 + ((4 + 2) * 6)) -> null
2025-05-07 04:34:38 DEBUG PostfixToInfixLogger - token: - is a operator
2025-05-07 04:34:38 DEBUG PostfixToInfixLogger - removing first number from stack
2025-05-07 04:34:38 DEBUG PostfixToInfixLogger - stack after removing first number: 5 -> (9 + ((4 + 2) * 6)) -> null
2025-05-07 04:34:38 DEBUG PostfixToInfixLogger - removing second number from stack
2025-05-07 04:34:38 DEBUG PostfixToInfixLogger - stack after removing second number: (9 + ((4 + 2) * 6)) -> null
2025-05-07 04:34:38 INFO  PostfixToInfixLogger - Removed 5 and 3 from the stack. Calculating result for: 5 - 3
2025-05-07 04:34:38 INFO  PostfixToInfixLogger - Calculated result: '5 - 3' = (5 - 3)
2025-05-07 04:34:38 DEBUG PostfixToInfixLogger - adding result: (5 - 3) to stack
2025-05-07 04:34:38 DEBUG PostfixToInfixLogger - stack after pushing result: (5 - 3) -> (9 + ((4 + 2) * 6)) -> null
2025-05-07 04:34:38 DEBUG PostfixToInfixLogger - token: 2 is not a operator
2025-05-07 04:34:38 DEBUG PostfixToInfixLogger - token: 2 is a digit, adding to stack
2025-05-07 04:34:38 DEBUG PostfixToInfixLogger - stack after pushing token: 2 -> (5 - 3) -> (9 + ((4 + 2) * 6)) -> null
2025-05-07 04:34:38 DEBUG PostfixToInfixLogger - token: / is a operator
2025-05-07 04:34:38 DEBUG PostfixToInfixLogger - removing first number from stack
2025-05-07 04:34:38 DEBUG PostfixToInfixLogger - stack after removing first number: (5 - 3) -> (9 + ((4 + 2) * 6)) -> null
2025-05-07 04:34:38 DEBUG PostfixToInfixLogger - removing second number from stack
2025-05-07 04:34:38 DEBUG PostfixToInfixLogger - stack after removing second number: (9 + ((4 + 2) * 6)) -> null
2025-05-07 04:34:38 INFO  PostfixToInfixLogger - Removed (5 - 3) and 2 from the stack. Calculating result for: (5 - 3) / 2
2025-05-07 04:34:38 INFO  PostfixToInfixLogger - Calculated result: '(5 - 3) / 2' = ((5 - 3) / 2)
2025-05-07 04:34:38 DEBUG PostfixToInfixLogger - adding result: ((5 - 3) / 2) to stack
2025-05-07 04:34:38 DEBUG PostfixToInfixLogger - stack after pushing result: ((5 - 3) / 2) -> (9 + ((4 + 2) * 6)) -> null
2025-05-07 04:34:38 DEBUG PostfixToInfixLogger - token: - is a operator
2025-05-07 04:34:38 DEBUG PostfixToInfixLogger - removing first number from stack
2025-05-07 04:34:38 DEBUG PostfixToInfixLogger - stack after removing first number: (9 + ((4 + 2) * 6)) -> null
2025-05-07 04:34:38 DEBUG PostfixToInfixLogger - removing second number from stack
2025-05-07 04:34:38 DEBUG PostfixToInfixLogger - stack after removing second number: Stack is empty.
2025-05-07 04:34:38 INFO  PostfixToInfixLogger - Removed (9 + ((4 + 2) * 6)) and ((5 - 3) / 2) from the stack. Calculating result for: (9 + ((4 + 2) * 6)) - ((5 - 3) / 2)
2025-05-07 04:34:38 INFO  PostfixToInfixLogger - Calculated result: '(9 + ((4 + 2) * 6)) - ((5 - 3) / 2)' = ((9 + ((4 + 2) * 6)) - ((5 - 3) / 2))
2025-05-07 04:34:38 DEBUG PostfixToInfixLogger - adding result: ((9 + ((4 + 2) * 6)) - ((5 - 3) / 2)) to stack
2025-05-07 04:34:38 DEBUG PostfixToInfixLogger - stack after pushing result: ((9 + ((4 + 2) * 6)) - ((5 - 3) / 2)) -> null
2025-05-07 04:34:38 DEBUG PostfixToInfixLogger - token: 8 is not a operator
2025-05-07 04:34:38 DEBUG PostfixToInfixLogger - token: 8 is a digit, adding to stack
2025-05-07 04:34:38 DEBUG PostfixToInfixLogger - stack after pushing token: 8 -> ((9 + ((4 + 2) * 6)) - ((5 - 3) / 2)) -> null
2025-05-07 04:34:38 DEBUG PostfixToInfixLogger - token: 2 is not a operator
2025-05-07 04:34:38 DEBUG PostfixToInfixLogger - token: 2 is a digit, adding to stack
2025-05-07 04:34:38 DEBUG PostfixToInfixLogger - stack after pushing token: 2 -> 8 -> ((9 + ((4 + 2) * 6)) - ((5 - 3) / 2)) -> null
2025-05-07 04:34:38 DEBUG PostfixToInfixLogger - token: 1 is not a operator
2025-05-07 04:34:38 DEBUG PostfixToInfixLogger - token: 1 is a digit, adding to stack
2025-05-07 04:34:38 DEBUG PostfixToInfixLogger - stack after pushing token: 1 -> 2 -> 8 -> ((9 + ((4 + 2) * 6)) - ((5 - 3) / 2)) -> null
2025-05-07 04:34:38 DEBUG PostfixToInfixLogger - token: + is a operator
2025-05-07 04:34:38 DEBUG PostfixToInfixLogger - removing first number from stack
2025-05-07 04:34:38 DEBUG PostfixToInfixLogger - stack after removing first number: 2 -> 8 -> ((9 + ((4 + 2) * 6)) - ((5 - 3) / 2)) -> null
2025-05-07 04:34:38 DEBUG PostfixToInfixLogger - removing second number from stack
2025-05-07 04:34:38 DEBUG PostfixToInfixLogger - stack after removing second number: 8 -> ((9 + ((4 + 2) * 6)) - ((5 - 3) / 2)) -> null
2025-05-07 04:34:38 INFO  PostfixToInfixLogger - Removed 2 and 1 from the stack. Calculating result for: 2 + 1
2025-05-07 04:34:38 INFO  PostfixToInfixLogger - Calculated result: '2 + 1' = (2 + 1)
2025-05-07 04:34:38 DEBUG PostfixToInfixLogger - adding result: (2 + 1) to stack
2025-05-07 04:34:38 DEBUG PostfixToInfixLogger - stack after pushing result: (2 + 1) -> 8 -> ((9 + ((4 + 2) * 6)) - ((5 - 3) / 2)) -> null
2025-05-07 04:34:38 DEBUG PostfixToInfixLogger - token: / is a operator
2025-05-07 04:34:38 DEBUG PostfixToInfixLogger - removing first number from stack
2025-05-07 04:34:38 DEBUG PostfixToInfixLogger - stack after removing first number: 8 -> ((9 + ((4 + 2) * 6)) - ((5 - 3) / 2)) -> null
2025-05-07 04:34:38 DEBUG PostfixToInfixLogger - removing second number from stack
2025-05-07 04:34:38 DEBUG PostfixToInfixLogger - stack after removing second number: ((9 + ((4 + 2) * 6)) - ((5 - 3) / 2)) -> null
2025-05-07 04:34:38 INFO  PostfixToInfixLogger - Removed 8 and (2 + 1) from the stack. Calculating result for: 8 / (2 + 1)
2025-05-07 04:34:38 INFO  PostfixToInfixLogger - Calculated result: '8 / (2 + 1)' = (8 / (2 + 1))
2025-05-07 04:34:38 DEBUG PostfixToInfixLogger - adding result: (8 / (2 + 1)) to stack
2025-05-07 04:34:38 DEBUG PostfixToInfixLogger - stack after pushing result: (8 / (2 + 1)) -> ((9 + ((4 + 2) * 6)) - ((5 - 3) / 2)) -> null
2025-05-07 04:34:38 DEBUG PostfixToInfixLogger - token: + is a operator
2025-05-07 04:34:38 DEBUG PostfixToInfixLogger - removing first number from stack
2025-05-07 04:34:38 DEBUG PostfixToInfixLogger - stack after removing first number: ((9 + ((4 + 2) * 6)) - ((5 - 3) / 2)) -> null
2025-05-07 04:34:38 DEBUG PostfixToInfixLogger - removing second number from stack
2025-05-07 04:34:38 DEBUG PostfixToInfixLogger - stack after removing second number: Stack is empty.
2025-05-07 04:34:38 INFO  PostfixToInfixLogger - Removed ((9 + ((4 + 2) * 6)) - ((5 - 3) / 2)) and (8 / (2 + 1)) from the stack. Calculating result for: ((9 + ((4 + 2) * 6)) - ((5 - 3) / 2)) + (8 / (2 + 1))
2025-05-07 04:34:38 INFO  PostfixToInfixLogger - Calculated result: '((9 + ((4 + 2) * 6)) - ((5 - 3) / 2)) + (8 / (2 + 1))' = (((9 + ((4 + 2) * 6)) - ((5 - 3) / 2)) + (8 / (2 + 1)))
2025-05-07 04:34:38 DEBUG PostfixToInfixLogger - adding result: (((9 + ((4 + 2) * 6)) - ((5 - 3) / 2)) + (8 / (2 + 1))) to stack
2025-05-07 04:34:38 DEBUG PostfixToInfixLogger - stack after pushing result: (((9 + ((4 + 2) * 6)) - ((5 - 3) / 2)) + (8 / (2 + 1))) -> null
2025-05-07 04:34:38 INFO  PostfixToInfixLogger - Final result: (((9 + ((4 + 2) * 6)) - ((5 - 3) / 2)) + (8 / (2 + 1)))
2025-05-07 04:34:38 DEBUG PostfixToInfixLogger - --------------------------------------------------
2025-05-07 04:35:24 INFO  PostfixToInfixLogger - Start conversion of PostFix-Notation to Infix-Notation for: 10 5 2 + 3 * - 4 1 + 6 / + 8 2 2 + * - 7 + 
2025-05-07 04:35:24 DEBUG PostfixToInfixLogger - token: 10 is not a operator
2025-05-07 04:35:24 DEBUG PostfixToInfixLogger - token: 10 is a digit, adding to stack
2025-05-07 04:35:24 DEBUG PostfixToInfixLogger - stack after pushing token: 10 -> null
2025-05-07 04:35:24 DEBUG PostfixToInfixLogger - token: 5 is not a operator
2025-05-07 04:35:24 DEBUG PostfixToInfixLogger - token: 5 is a digit, adding to stack
2025-05-07 04:35:24 DEBUG PostfixToInfixLogger - stack after pushing token: 5 -> 10 -> null
2025-05-07 04:35:24 DEBUG PostfixToInfixLogger - token: 2 is not a operator
2025-05-07 04:35:24 DEBUG PostfixToInfixLogger - token: 2 is a digit, adding to stack
2025-05-07 04:35:24 DEBUG PostfixToInfixLogger - stack after pushing token: 2 -> 5 -> 10 -> null
2025-05-07 04:35:24 DEBUG PostfixToInfixLogger - token: + is a operator
2025-05-07 04:35:24 DEBUG PostfixToInfixLogger - removing first number from stack
2025-05-07 04:35:24 DEBUG PostfixToInfixLogger - stack after removing first number: 5 -> 10 -> null
2025-05-07 04:35:24 DEBUG PostfixToInfixLogger - removing second number from stack
2025-05-07 04:35:24 DEBUG PostfixToInfixLogger - stack after removing second number: 10 -> null
2025-05-07 04:35:24 INFO  PostfixToInfixLogger - Removed 5 and 2 from the stack. Calculating result for: 5 + 2
2025-05-07 04:35:24 INFO  PostfixToInfixLogger - Calculated result: '5 + 2' = (5 + 2)
2025-05-07 04:35:24 DEBUG PostfixToInfixLogger - adding result: (5 + 2) to stack
2025-05-07 04:35:24 DEBUG PostfixToInfixLogger - stack after pushing result: (5 + 2) -> 10 -> null
2025-05-07 04:35:24 DEBUG PostfixToInfixLogger - token: 3 is not a operator
2025-05-07 04:35:24 DEBUG PostfixToInfixLogger - token: 3 is a digit, adding to stack
2025-05-07 04:35:24 DEBUG PostfixToInfixLogger - stack after pushing token: 3 -> (5 + 2) -> 10 -> null
2025-05-07 04:35:24 DEBUG PostfixToInfixLogger - token: * is a operator
2025-05-07 04:35:24 DEBUG PostfixToInfixLogger - removing first number from stack
2025-05-07 04:35:24 DEBUG PostfixToInfixLogger - stack after removing first number: (5 + 2) -> 10 -> null
2025-05-07 04:35:24 DEBUG PostfixToInfixLogger - removing second number from stack
2025-05-07 04:35:24 DEBUG PostfixToInfixLogger - stack after removing second number: 10 -> null
2025-05-07 04:35:24 INFO  PostfixToInfixLogger - Removed (5 + 2) and 3 from the stack. Calculating result for: (5 + 2) * 3
2025-05-07 04:35:24 INFO  PostfixToInfixLogger - Calculated result: '(5 + 2) * 3' = ((5 + 2) * 3)
2025-05-07 04:35:24 DEBUG PostfixToInfixLogger - adding result: ((5 + 2) * 3) to stack
2025-05-07 04:35:24 DEBUG PostfixToInfixLogger - stack after pushing result: ((5 + 2) * 3) -> 10 -> null
2025-05-07 04:35:24 DEBUG PostfixToInfixLogger - token: - is a operator
2025-05-07 04:35:24 DEBUG PostfixToInfixLogger - removing first number from stack
2025-05-07 04:35:24 DEBUG PostfixToInfixLogger - stack after removing first number: 10 -> null
2025-05-07 04:35:24 DEBUG PostfixToInfixLogger - removing second number from stack
2025-05-07 04:35:24 DEBUG PostfixToInfixLogger - stack after removing second number: Stack is empty.
2025-05-07 04:35:24 INFO  PostfixToInfixLogger - Removed 10 and ((5 + 2) * 3) from the stack. Calculating result for: 10 - ((5 + 2) * 3)
2025-05-07 04:35:24 INFO  PostfixToInfixLogger - Calculated result: '10 - ((5 + 2) * 3)' = (10 - ((5 + 2) * 3))
2025-05-07 04:35:24 DEBUG PostfixToInfixLogger - adding result: (10 - ((5 + 2) * 3)) to stack
2025-05-07 04:35:24 DEBUG PostfixToInfixLogger - stack after pushing result: (10 - ((5 + 2) * 3)) -> null
2025-05-07 04:35:24 DEBUG PostfixToInfixLogger - token: 4 is not a operator
2025-05-07 04:35:24 DEBUG PostfixToInfixLogger - token: 4 is a digit, adding to stack
2025-05-07 04:35:24 DEBUG PostfixToInfixLogger - stack after pushing token: 4 -> (10 - ((5 + 2) * 3)) -> null
2025-05-07 04:35:24 DEBUG PostfixToInfixLogger - token: 1 is not a operator
2025-05-07 04:35:24 DEBUG PostfixToInfixLogger - token: 1 is a digit, adding to stack
2025-05-07 04:35:24 DEBUG PostfixToInfixLogger - stack after pushing token: 1 -> 4 -> (10 - ((5 + 2) * 3)) -> null
2025-05-07 04:35:24 DEBUG PostfixToInfixLogger - token: + is a operator
2025-05-07 04:35:24 DEBUG PostfixToInfixLogger - removing first number from stack
2025-05-07 04:35:24 DEBUG PostfixToInfixLogger - stack after removing first number: 4 -> (10 - ((5 + 2) * 3)) -> null
2025-05-07 04:35:24 DEBUG PostfixToInfixLogger - removing second number from stack
2025-05-07 04:35:24 DEBUG PostfixToInfixLogger - stack after removing second number: (10 - ((5 + 2) * 3)) -> null
2025-05-07 04:35:24 INFO  PostfixToInfixLogger - Removed 4 and 1 from the stack. Calculating result for: 4 + 1
2025-05-07 04:35:24 INFO  PostfixToInfixLogger - Calculated result: '4 + 1' = (4 + 1)
2025-05-07 04:35:24 DEBUG PostfixToInfixLogger - adding result: (4 + 1) to stack
2025-05-07 04:35:24 DEBUG PostfixToInfixLogger - stack after pushing result: (4 + 1) -> (10 - ((5 + 2) * 3)) -> null
2025-05-07 04:35:24 DEBUG PostfixToInfixLogger - token: 6 is not a operator
2025-05-07 04:35:24 DEBUG PostfixToInfixLogger - token: 6 is a digit, adding to stack
2025-05-07 04:35:24 DEBUG PostfixToInfixLogger - stack after pushing token: 6 -> (4 + 1) -> (10 - ((5 + 2) * 3)) -> null
2025-05-07 04:35:24 DEBUG PostfixToInfixLogger - token: / is a operator
2025-05-07 04:35:24 DEBUG PostfixToInfixLogger - removing first number from stack
2025-05-07 04:35:24 DEBUG PostfixToInfixLogger - stack after removing first number: (4 + 1) -> (10 - ((5 + 2) * 3)) -> null
2025-05-07 04:35:24 DEBUG PostfixToInfixLogger - removing second number from stack
2025-05-07 04:35:24 DEBUG PostfixToInfixLogger - stack after removing second number: (10 - ((5 + 2) * 3)) -> null
2025-05-07 04:35:24 INFO  PostfixToInfixLogger - Removed (4 + 1) and 6 from the stack. Calculating result for: (4 + 1) / 6
2025-05-07 04:35:24 INFO  PostfixToInfixLogger - Calculated result: '(4 + 1) / 6' = ((4 + 1) / 6)
2025-05-07 04:35:24 DEBUG PostfixToInfixLogger - adding result: ((4 + 1) / 6) to stack
2025-05-07 04:35:24 DEBUG PostfixToInfixLogger - stack after pushing result: ((4 + 1) / 6) -> (10 - ((5 + 2) * 3)) -> null
2025-05-07 04:35:24 DEBUG PostfixToInfixLogger - token: + is a operator
2025-05-07 04:35:24 DEBUG PostfixToInfixLogger - removing first number from stack
2025-05-07 04:35:24 DEBUG PostfixToInfixLogger - stack after removing first number: (10 - ((5 + 2) * 3)) -> null
2025-05-07 04:35:24 DEBUG PostfixToInfixLogger - removing second number from stack
2025-05-07 04:35:24 DEBUG PostfixToInfixLogger - stack after removing second number: Stack is empty.
2025-05-07 04:35:24 INFO  PostfixToInfixLogger - Removed (10 - ((5 + 2) * 3)) and ((4 + 1) / 6) from the stack. Calculating result for: (10 - ((5 + 2) * 3)) + ((4 + 1) / 6)
2025-05-07 04:35:24 INFO  PostfixToInfixLogger - Calculated result: '(10 - ((5 + 2) * 3)) + ((4 + 1) / 6)' = ((10 - ((5 + 2) * 3)) + ((4 + 1) / 6))
2025-05-07 04:35:24 DEBUG PostfixToInfixLogger - adding result: ((10 - ((5 + 2) * 3)) + ((4 + 1) / 6)) to stack
2025-05-07 04:35:24 DEBUG PostfixToInfixLogger - stack after pushing result: ((10 - ((5 + 2) * 3)) + ((4 + 1) / 6)) -> null
2025-05-07 04:35:24 DEBUG PostfixToInfixLogger - token: 8 is not a operator
2025-05-07 04:35:24 DEBUG PostfixToInfixLogger - token: 8 is a digit, adding to stack
2025-05-07 04:35:24 DEBUG PostfixToInfixLogger - stack after pushing token: 8 -> ((10 - ((5 + 2) * 3)) + ((4 + 1) / 6)) -> null
2025-05-07 04:35:24 DEBUG PostfixToInfixLogger - token: 2 is not a operator
2025-05-07 04:35:24 DEBUG PostfixToInfixLogger - token: 2 is a digit, adding to stack
2025-05-07 04:35:24 DEBUG PostfixToInfixLogger - stack after pushing token: 2 -> 8 -> ((10 - ((5 + 2) * 3)) + ((4 + 1) / 6)) -> null
2025-05-07 04:35:24 DEBUG PostfixToInfixLogger - token: 2 is not a operator
2025-05-07 04:35:24 DEBUG PostfixToInfixLogger - token: 2 is a digit, adding to stack
2025-05-07 04:35:24 DEBUG PostfixToInfixLogger - stack after pushing token: 2 -> 2 -> 8 -> ((10 - ((5 + 2) * 3)) + ((4 + 1) / 6)) -> null
2025-05-07 04:35:24 DEBUG PostfixToInfixLogger - token: + is a operator
2025-05-07 04:35:24 DEBUG PostfixToInfixLogger - removing first number from stack
2025-05-07 04:35:24 DEBUG PostfixToInfixLogger - stack after removing first number: 2 -> 8 -> ((10 - ((5 + 2) * 3)) + ((4 + 1) / 6)) -> null
2025-05-07 04:35:24 DEBUG PostfixToInfixLogger - removing second number from stack
2025-05-07 04:35:24 DEBUG PostfixToInfixLogger - stack after removing second number: 8 -> ((10 - ((5 + 2) * 3)) + ((4 + 1) / 6)) -> null
2025-05-07 04:35:24 INFO  PostfixToInfixLogger - Removed 2 and 2 from the stack. Calculating result for: 2 + 2
2025-05-07 04:35:24 INFO  PostfixToInfixLogger - Calculated result: '2 + 2' = (2 + 2)
2025-05-07 04:35:24 DEBUG PostfixToInfixLogger - adding result: (2 + 2) to stack
2025-05-07 04:35:24 DEBUG PostfixToInfixLogger - stack after pushing result: (2 + 2) -> 8 -> ((10 - ((5 + 2) * 3)) + ((4 + 1) / 6)) -> null
2025-05-07 04:35:24 DEBUG PostfixToInfixLogger - token: * is a operator
2025-05-07 04:35:24 DEBUG PostfixToInfixLogger - removing first number from stack
2025-05-07 04:35:24 DEBUG PostfixToInfixLogger - stack after removing first number: 8 -> ((10 - ((5 + 2) * 3)) + ((4 + 1) / 6)) -> null
2025-05-07 04:35:24 DEBUG PostfixToInfixLogger - removing second number from stack
2025-05-07 04:35:24 DEBUG PostfixToInfixLogger - stack after removing second number: ((10 - ((5 + 2) * 3)) + ((4 + 1) / 6)) -> null
2025-05-07 04:35:24 INFO  PostfixToInfixLogger - Removed 8 and (2 + 2) from the stack. Calculating result for: 8 * (2 + 2)
2025-05-07 04:35:24 INFO  PostfixToInfixLogger - Calculated result: '8 * (2 + 2)' = (8 * (2 + 2))
2025-05-07 04:35:24 DEBUG PostfixToInfixLogger - adding result: (8 * (2 + 2)) to stack
2025-05-07 04:35:24 DEBUG PostfixToInfixLogger - stack after pushing result: (8 * (2 + 2)) -> ((10 - ((5 + 2) * 3)) + ((4 + 1) / 6)) -> null
2025-05-07 04:35:24 DEBUG PostfixToInfixLogger - token: - is a operator
2025-05-07 04:35:24 DEBUG PostfixToInfixLogger - removing first number from stack
2025-05-07 04:35:24 DEBUG PostfixToInfixLogger - stack after removing first number: ((10 - ((5 + 2) * 3)) + ((4 + 1) / 6)) -> null
2025-05-07 04:35:24 DEBUG PostfixToInfixLogger - removing second number from stack
2025-05-07 04:35:24 DEBUG PostfixToInfixLogger - stack after removing second number: Stack is empty.
2025-05-07 04:35:24 INFO  PostfixToInfixLogger - Removed ((10 - ((5 + 2) * 3)) + ((4 + 1) / 6)) and (8 * (2 + 2)) from the stack. Calculating result for: ((10 - ((5 + 2) * 3)) + ((4 + 1) / 6)) - (8 * (2 + 2))
2025-05-07 04:35:24 INFO  PostfixToInfixLogger - Calculated result: '((10 - ((5 + 2) * 3)) + ((4 + 1) / 6)) - (8 * (2 + 2))' = (((10 - ((5 + 2) * 3)) + ((4 + 1) / 6)) - (8 * (2 + 2)))
2025-05-07 04:35:24 DEBUG PostfixToInfixLogger - adding result: (((10 - ((5 + 2) * 3)) + ((4 + 1) / 6)) - (8 * (2 + 2))) to stack
2025-05-07 04:35:24 DEBUG PostfixToInfixLogger - stack after pushing result: (((10 - ((5 + 2) * 3)) + ((4 + 1) / 6)) - (8 * (2 + 2))) -> null
2025-05-07 04:35:24 DEBUG PostfixToInfixLogger - token: 7 is not a operator
2025-05-07 04:35:24 DEBUG PostfixToInfixLogger - token: 7 is a digit, adding to stack
2025-05-07 04:35:24 DEBUG PostfixToInfixLogger - stack after pushing token: 7 -> (((10 - ((5 + 2) * 3)) + ((4 + 1) / 6)) - (8 * (2 + 2))) -> null
2025-05-07 04:35:24 DEBUG PostfixToInfixLogger - token: + is a operator
2025-05-07 04:35:24 DEBUG PostfixToInfixLogger - removing first number from stack
2025-05-07 04:35:24 DEBUG PostfixToInfixLogger - stack after removing first number: (((10 - ((5 + 2) * 3)) + ((4 + 1) / 6)) - (8 * (2 + 2))) -> null
2025-05-07 04:35:24 DEBUG PostfixToInfixLogger - removing second number from stack
2025-05-07 04:35:24 DEBUG PostfixToInfixLogger - stack after removing second number: Stack is empty.
2025-05-07 04:35:24 INFO  PostfixToInfixLogger - Removed (((10 - ((5 + 2) * 3)) + ((4 + 1) / 6)) - (8 * (2 + 2))) and 7 from the stack. Calculating result for: (((10 - ((5 + 2) * 3)) + ((4 + 1) / 6)) - (8 * (2 + 2))) + 7
2025-05-07 04:35:24 INFO  PostfixToInfixLogger - Calculated result: '(((10 - ((5 + 2) * 3)) + ((4 + 1) / 6)) - (8 * (2 + 2))) + 7' = ((((10 - ((5 + 2) * 3)) + ((4 + 1) / 6)) - (8 * (2 + 2))) + 7)
2025-05-07 04:35:24 DEBUG PostfixToInfixLogger - adding result: ((((10 - ((5 + 2) * 3)) + ((4 + 1) / 6)) - (8 * (2 + 2))) + 7) to stack
2025-05-07 04:35:24 DEBUG PostfixToInfixLogger - stack after pushing result: ((((10 - ((5 + 2) * 3)) + ((4 + 1) / 6)) - (8 * (2 + 2))) + 7) -> null
2025-05-07 04:35:24 INFO  PostfixToInfixLogger - Final result: ((((10 - ((5 + 2) * 3)) + ((4 + 1) / 6)) - (8 * (2 + 2))) + 7)
2025-05-07 04:35:24 DEBUG PostfixToInfixLogger - --------------------------------------------------
