2025-05-07 03:09:37 INFO  SolutionLogger - Start calculation for: 3 4 +
2025-05-07 03:09:37 INFO  SolutionLogger - Final result: 7
2025-05-07 03:09:37 DEBUG SolutionLogger - --------------------------------------------------
2025-05-07 03:10:12 INFO  SolutionLogger - Start calculation for: 8 5 -
2025-05-07 03:10:12 INFO  SolutionLogger - Final result: 3
2025-05-07 03:10:12 DEBUG SolutionLogger - --------------------------------------------------
2025-05-07 03:10:41 INFO  SolutionLogger - Start calculation for: 6 2 *
2025-05-07 03:10:41 INFO  SolutionLogger - Final result: 12
2025-05-07 03:10:41 DEBUG SolutionLogger - --------------------------------------------------
2025-05-07 03:10:58 INFO  SolutionLogger - Start calculation for: 10 2 /
2025-05-07 03:10:58 INFO  SolutionLogger - Final result: 5
2025-05-07 03:10:58 DEBUG SolutionLogger - --------------------------------------------------
2025-05-07 03:11:16 INFO  SolutionLogger - Start calculation for: 3 4 + 2 *
2025-05-07 03:11:16 INFO  SolutionLogger - Final result: 14
2025-05-07 03:11:16 DEBUG SolutionLogger - --------------------------------------------------
2025-05-07 03:11:40 INFO  SolutionLogger - Start calculation for: 9 3 / 5 -
2025-05-07 03:11:40 INFO  SolutionLogger - Final result: -2
2025-05-07 03:11:40 DEBUG SolutionLogger - --------------------------------------------------
2025-05-07 03:11:54 INFO  SolutionLogger - Start calculation for: 2 3 4 + *
2025-05-07 03:11:54 INFO  SolutionLogger - Final result: 14
2025-05-07 03:11:54 DEBUG SolutionLogger - --------------------------------------------------
2025-05-07 03:12:08 INFO  SolutionLogger - Start calculation for: 10 5 / 3 +
2025-05-07 03:12:08 INFO  SolutionLogger - Final result: 5
2025-05-07 03:12:08 DEBUG SolutionLogger - --------------------------------------------------
2025-05-07 03:12:21 INFO  SolutionLogger - Start calculation for: 5 1 2 + 4 * + 3 -
2025-05-07 03:12:21 INFO  SolutionLogger - Final result: 14
2025-05-07 03:12:21 DEBUG SolutionLogger - --------------------------------------------------
2025-05-07 03:13:27 INFO  SolutionLogger - Start calculation for: 7 3 5 * + 2 /
2025-05-07 03:13:27 INFO  SolutionLogger - Final result: 11
2025-05-07 03:13:27 DEBUG SolutionLogger - --------------------------------------------------
2025-05-07 03:18:32 INFO  SolutionLogger - Start calculation for: 15 3 / 4 2 * + 6 1 - * 3 3 * 2 + - 5 +
2025-05-07 03:18:32 INFO  SolutionLogger - Final result: 59
2025-05-07 03:18:32 DEBUG SolutionLogger - --------------------------------------------------
2025-05-07 03:18:54 INFO  SolutionLogger - Start calculation for: 8 4 / 2 5 * + 3 1 - * 10 2 / 4 + - 6 *
2025-05-07 03:18:54 INFO  SolutionLogger - Final result: 90
2025-05-07 03:18:54 DEBUG SolutionLogger - --------------------------------------------------
2025-05-07 03:19:16 INFO  SolutionLogger - Start calculation for: 6 2 / 3 4 * + 5 1 - 2 / * 9 3 + 2 * - 4 +
2025-05-07 03:19:16 INFO  SolutionLogger - Final result: 10
2025-05-07 03:19:16 DEBUG SolutionLogger - --------------------------------------------------
2025-05-07 03:20:58 INFO  SolutionLogger - Start calculation for: 9 3 / 4 5 * + 2 1 - * 6 3 / 8 + - 7 *
2025-05-07 03:20:58 INFO  SolutionLogger - Final result: 91
2025-05-07 03:20:58 DEBUG SolutionLogger - --------------------------------------------------
2025-05-07 03:21:23 INFO  SolutionLogger - Start calculation for: 10 2 * 3 4 + - 5 1 + 2 / * 8 4 / 2 * + 6 -
2025-05-07 03:21:23 INFO  SolutionLogger - Final result: 37
2025-05-07 03:21:23 DEBUG SolutionLogger - --------------------------------------------------
